{"/Users/apple/Desktop/Projects/QRinsight/qr-code-styling-custom/src/index.ts": {"path":"/Users/apple/Desktop/Projects/QRinsight/qr-code-styling-custom/src/index.ts","statementMap":{"0":{"start":{"line":1,"column":0},"end":{"line":1,"column":49}},"1":{"start":{"line":2,"column":0},"end":{"line":2,"column":7}},"2":{"start":{"line":14,"column":2},"end":{"line":2,"column":44}},"3":{"start":{"line":3,"column":0},"end":{"line":3,"column":7}},"4":{"start":{"line":15,"column":2},"end":{"line":3,"column":56}},"5":{"start":{"line":4,"column":0},"end":{"line":4,"column":7}},"6":{"start":{"line":16,"column":2},"end":{"line":4,"column":62}},"7":{"start":{"line":5,"column":0},"end":{"line":5,"column":7}},"8":{"start":{"line":17,"column":2},"end":{"line":5,"column":70}},"9":{"start":{"line":6,"column":0},"end":{"line":6,"column":7}},"10":{"start":{"line":18,"column":2},"end":{"line":6,"column":74}},"11":{"start":{"line":7,"column":0},"end":{"line":7,"column":7}},"12":{"start":{"line":19,"column":2},"end":{"line":7,"column":38}},"13":{"start":{"line":8,"column":0},"end":{"line":8,"column":7}},"14":{"start":{"line":20,"column":2},"end":{"line":8,"column":42}},"15":{"start":{"line":9,"column":0},"end":{"line":9,"column":7}},"16":{"start":{"line":21,"column":2},"end":{"line":9,"column":46}},"17":{"start":{"line":11,"column":0},"end":{"line":11,"column":24}},"18":{"start":{"line":24,"column":0},"end":{"line":24,"column":29}}},"fnMap":{},"branchMap":{},"s":{"0":0,"1":0,"2":0,"3":0,"4":0,"5":0,"6":0,"7":0,"8":0,"9":0,"10":0,"11":0,"12":0,"13":0,"14":0,"15":0,"16":0,"17":0,"18":0},"f":{},"b":{}}
,"/Users/apple/Desktop/Projects/QRinsight/qr-code-styling-custom/src/constants/cornerDotTypes.ts": {"path":"/Users/apple/Desktop/Projects/QRinsight/qr-code-styling-custom/src/constants/cornerDotTypes.ts","statementMap":{"0":{"start":{"line":3,"column":0},"end":{"line":16,"column":20}}},"fnMap":{},"branchMap":{},"s":{"0":0},"f":{},"b":{}}
,"/Users/apple/Desktop/Projects/QRinsight/qr-code-styling-custom/src/constants/cornerSquareTypes.ts": {"path":"/Users/apple/Desktop/Projects/QRinsight/qr-code-styling-custom/src/constants/cornerSquareTypes.ts","statementMap":{"0":{"start":{"line":3,"column":0},"end":{"line":15,"column":23}}},"fnMap":{},"branchMap":{},"s":{"0":0},"f":{},"b":{}}
,"/Users/apple/Desktop/Projects/QRinsight/qr-code-styling-custom/src/constants/dotTypes.ts": {"path":"/Users/apple/Desktop/Projects/QRinsight/qr-code-styling-custom/src/constants/dotTypes.ts","statementMap":{"0":{"start":{"line":3,"column":0},"end":{"line":11,"column":14}}},"fnMap":{},"branchMap":{},"s":{"0":0},"f":{},"b":{}}
,"/Users/apple/Desktop/Projects/QRinsight/qr-code-styling-custom/src/constants/drawTypes.ts": {"path":"/Users/apple/Desktop/Projects/QRinsight/qr-code-styling-custom/src/constants/drawTypes.ts","statementMap":{"0":{"start":{"line":3,"column":0},"end":{"line":6,"column":15}}},"fnMap":{},"branchMap":{},"s":{"0":0},"f":{},"b":{}}
,"/Users/apple/Desktop/Projects/QRinsight/qr-code-styling-custom/src/constants/errorCorrectionLevels.ts": {"path":"/Users/apple/Desktop/Projects/QRinsight/qr-code-styling-custom/src/constants/errorCorrectionLevels.ts","statementMap":{"0":{"start":{"line":7,"column":0},"end":{"line":12,"column":27}}},"fnMap":{},"branchMap":{},"s":{"0":0},"f":{},"b":{}}
,"/Users/apple/Desktop/Projects/QRinsight/qr-code-styling-custom/src/constants/errorCorrectionPercents.ts": {"path":"/Users/apple/Desktop/Projects/QRinsight/qr-code-styling-custom/src/constants/errorCorrectionPercents.ts","statementMap":{"0":{"start":{"line":5,"column":0},"end":{"line":10,"column":29}}},"fnMap":{},"branchMap":{},"s":{"0":0},"f":{},"b":{}}
,"/Users/apple/Desktop/Projects/QRinsight/qr-code-styling-custom/src/constants/gradientTypes.ts": {"path":"/Users/apple/Desktop/Projects/QRinsight/qr-code-styling-custom/src/constants/gradientTypes.ts","statementMap":{"0":{"start":{"line":3,"column":0},"end":{"line":6,"column":19}}},"fnMap":{},"branchMap":{},"s":{"0":0},"f":{},"b":{}}
,"/Users/apple/Desktop/Projects/QRinsight/qr-code-styling-custom/src/constants/modes.ts": {"path":"/Users/apple/Desktop/Projects/QRinsight/qr-code-styling-custom/src/constants/modes.ts","statementMap":{"0":{"start":{"line":7,"column":0},"end":{"line":12,"column":11}}},"fnMap":{},"branchMap":{},"s":{"0":0},"f":{},"b":{}}
,"/Users/apple/Desktop/Projects/QRinsight/qr-code-styling-custom/src/constants/qrTypes.ts": {"path":"/Users/apple/Desktop/Projects/QRinsight/qr-code-styling-custom/src/constants/qrTypes.ts","statementMap":{"0":{"start":{"line":7,"column":26},"end":{"line":7,"column":28}},"1":{"start":{"line":9,"column":0},"end":{"line":11,"column":null}},"2":{"start":{"line":9,"column":16},"end":{"line":9,"column":17}},"3":{"start":{"line":10,"column":2},"end":{"line":10,"column":37}},"4":{"start":{"line":22,"column":0},"end":{"line":22,"column":23}}},"fnMap":{},"branchMap":{},"s":{"0":0,"1":0,"2":0,"3":0,"4":0},"f":{},"b":{}}
,"/Users/apple/Desktop/Projects/QRinsight/qr-code-styling-custom/src/core/QRCanvas.ts": {"path":"/Users/apple/Desktop/Projects/QRinsight/qr-code-styling-custom/src/core/QRCanvas.ts","statementMap":{"0":{"start":{"line":1,"column":0},"end":{"line":1,"column":61}},"1":{"start":{"line":2,"column":0},"end":{"line":2,"column":75}},"2":{"start":{"line":3,"column":0},"end":{"line":3,"column":48}},"3":{"start":{"line":4,"column":0},"end":{"line":4,"column":75}},"4":{"start":{"line":5,"column":0},"end":{"line":5,"column":66}},"5":{"start":{"line":7,"column":0},"end":{"line":7,"column":55}},"6":{"start":{"line":10,"column":19},"end":{"line":18,"column":2}},"7":{"start":{"line":20,"column":16},"end":{"line":28,"column":2}},"8":{"start":{"line":30,"column":0},"end":{"line":30,"column":null}},"9":{"start":{"line":38,"column":4},"end":{"line":38,"column":52}},"10":{"start":{"line":39,"column":4},"end":{"line":39,"column":39}},"11":{"start":{"line":40,"column":4},"end":{"line":40,"column":41}},"12":{"start":{"line":41,"column":4},"end":{"line":41,"column":28}},"13":{"start":{"line":44,"column":2},"end":{"line":46,"column":null}},"14":{"start":{"line":45,"column":4},"end":{"line":45,"column":41}},"15":{"start":{"line":48,"column":2},"end":{"line":50,"column":null}},"16":{"start":{"line":49,"column":4},"end":{"line":49,"column":30}},"17":{"start":{"line":52,"column":2},"end":{"line":54,"column":null}},"18":{"start":{"line":53,"column":4},"end":{"line":53,"column":31}},"19":{"start":{"line":56,"column":2},"end":{"line":58,"column":null}},"20":{"start":{"line":57,"column":4},"end":{"line":57,"column":24}},"21":{"start":{"line":60,"column":2},"end":{"line":66,"column":null}},"22":{"start":{"line":61,"column":26},"end":{"line":61,"column":38}},"23":{"start":{"line":63,"column":4},"end":{"line":65,"column":null}},"24":{"start":{"line":64,"column":6},"end":{"line":64,"column":77}},"25":{"start":{"line":68,"column":8},"end":{"line":126,"column":null}},"26":{"start":{"line":69,"column":10},"end":{"line":69,"column":38}},"27":{"start":{"line":70,"column":10},"end":{"line":70,"column":99}},"28":{"start":{"line":71,"column":10},"end":{"line":71,"column":48}},"29":{"start":{"line":72,"column":8},"end":{"line":77,"column":6}},"30":{"start":{"line":79,"column":4},"end":{"line":79,"column":18}},"31":{"start":{"line":81,"column":8},"end":{"line":81,"column":12}},"32":{"start":{"line":82,"column":6},"end":{"line":82,"column":29}},"33":{"start":{"line":83,"column":6},"end":{"line":83,"column":31}},"34":{"start":{"line":83,"column":24},"end":{"line":83,"column":31}},"35":{"start":{"line":84,"column":12},"end":{"line":84,"column":42}},"36":{"start":{"line":85,"column":12},"end":{"line":85,"column":106}},"37":{"start":{"line":86,"column":12},"end":{"line":86,"column":67}},"38":{"start":{"line":88,"column":6},"end":{"line":94,"column":9}},"39":{"start":{"line":97,"column":4},"end":{"line":97,"column":17}},"40":{"start":{"line":98,"column":4},"end":{"line":98,"column":26}},"41":{"start":{"line":99,"column":4},"end":{"line":120,"column":7}},"42":{"start":{"line":100,"column":6},"end":{"line":109,"column":null}},"43":{"start":{"line":101,"column":8},"end":{"line":108,"column":null}},"44":{"start":{"line":107,"column":10},"end":{"line":107,"column":23}},"45":{"start":{"line":111,"column":6},"end":{"line":113,"column":null}},"46":{"start":{"line":112,"column":8},"end":{"line":112,"column":21}},"47":{"start":{"line":115,"column":6},"end":{"line":117,"column":null}},"48":{"start":{"line":116,"column":8},"end":{"line":116,"column":21}},"49":{"start":{"line":119,"column":6},"end":{"line":119,"column":18}},"50":{"start":{"line":121,"column":4},"end":{"line":121,"column":23}},"51":{"start":{"line":123,"column":4},"end":{"line":125,"column":null}},"52":{"start":{"line":124,"column":6},"end":{"line":124,"column":99}},"53":{"start":{"line":128,"column":2},"end":{"line":154,"column":null}},"54":{"start":{"line":129,"column":26},"end":{"line":129,"column":38}},"55":{"start":{"line":130,"column":20},"end":{"line":130,"column":33}},"56":{"start":{"line":132,"column":4},"end":{"line":153,"column":null}},"57":{"start":{"line":133,"column":6},"end":{"line":151,"column":null}},"58":{"start":{"line":134,"column":32},"end":{"line":134,"column":66}},"59":{"start":{"line":135,"column":25},"end":{"line":142,"column":10}},"60":{"start":{"line":144,"column":8},"end":{"line":146,"column":11}},"61":{"start":{"line":144,"column":52},"end":{"line":144,"column":54}},"62":{"start":{"line":144,"column":59},"end":{"line":144,"column":96}},"63":{"start":{"line":145,"column":10},"end":{"line":145,"column":47}},"64":{"start":{"line":148,"column":8},"end":{"line":148,"column":43}},"65":{"start":{"line":149,"column":13},"end":{"line":151,"column":null}},"66":{"start":{"line":150,"column":8},"end":{"line":150,"column":66}},"67":{"start":{"line":152,"column":6},"end":{"line":152,"column":76}},"68":{"start":{"line":156,"column":2},"end":{"line":224,"column":null}},"69":{"start":{"line":156,"column":2},"end":{"line":156,"column":10}},"70":{"start":{"line":157,"column":4},"end":{"line":159,"column":null}},"71":{"start":{"line":158,"column":6},"end":{"line":158,"column":37}},"72":{"start":{"line":161,"column":26},"end":{"line":161,"column":38}},"73":{"start":{"line":163,"column":4},"end":{"line":165,"column":null}},"74":{"start":{"line":164,"column":6},"end":{"line":164,"column":37}},"75":{"start":{"line":167,"column":20},"end":{"line":167,"column":33}},"76":{"start":{"line":168,"column":18},"end":{"line":168,"column":43}},"77":{"start":{"line":170,"column":4},"end":{"line":172,"column":null}},"78":{"start":{"line":171,"column":6},"end":{"line":171,"column":39}},"79":{"start":{"line":174,"column":20},"end":{"line":174,"column":80}},"80":{"start":{"line":175,"column":20},"end":{"line":175,"column":47}},"81":{"start":{"line":176,"column":23},"end":{"line":176,"column":72}},"82":{"start":{"line":177,"column":23},"end":{"line":177,"column":73}},"83":{"start":{"line":178,"column":16},"end":{"line":178,"column":85}},"84":{"start":{"line":180,"column":4},"end":{"line":180,"column":30}},"85":{"start":{"line":184,"column":8},"end":{"line":186,"column":null}},"86":{"start":{"line":187,"column":8},"end":{"line":189,"column":null}},"87":{"start":{"line":190,"column":8},"end":{"line":199,"column":10}},"88":{"start":{"line":195,"column":12},"end":{"line":195,"column":113}},"89":{"start":{"line":195,"column":100},"end":{"line":195,"column":113}},"90":{"start":{"line":196,"column":12},"end":{"line":196,"column":74}},"91":{"start":{"line":196,"column":61},"end":{"line":196,"column":74}},"92":{"start":{"line":197,"column":12},"end":{"line":197,"column":75}},"93":{"start":{"line":183,"column":6},"end":{"line":200,"column":null}},"94":{"start":{"line":183,"column":19},"end":{"line":183,"column":20}},"95":{"start":{"line":183,"column":15},"end":{"line":183,"column":19}},"96":{"start":{"line":182,"column":4},"end":{"line":201,"column":null}},"97":{"start":{"line":182,"column":17},"end":{"line":182,"column":18}},"98":{"start":{"line":182,"column":13},"end":{"line":182,"column":17}},"99":{"start":{"line":203,"column":4},"end":{"line":221,"column":null}},"100":{"start":{"line":204,"column":30},"end":{"line":204,"column":58}},"101":{"start":{"line":205,"column":23},"end":{"line":212,"column":8}},"102":{"start":{"line":214,"column":6},"end":{"line":216,"column":9}},"103":{"start":{"line":214,"column":50},"end":{"line":214,"column":52}},"104":{"start":{"line":214,"column":57},"end":{"line":214,"column":94}},"105":{"start":{"line":215,"column":8},"end":{"line":215,"column":45}},"106":{"start":{"line":218,"column":6},"end":{"line":218,"column":69}},"107":{"start":{"line":219,"column":11},"end":{"line":221,"column":null}},"108":{"start":{"line":220,"column":6},"end":{"line":220,"column":86}},"109":{"start":{"line":223,"column":4},"end":{"line":223,"column":34}},"110":{"start":{"line":226,"column":2},"end":{"line":355,"column":null}},"111":{"start":{"line":226,"column":2},"end":{"line":226,"column":13}},"112":{"start":{"line":227,"column":4},"end":{"line":229,"column":null}},"113":{"start":{"line":228,"column":6},"end":{"line":228,"column":37}},"114":{"start":{"line":231,"column":26},"end":{"line":231,"column":38}},"115":{"start":{"line":233,"column":4},"end":{"line":235,"column":null}},"116":{"start":{"line":234,"column":6},"end":{"line":234,"column":37}},"117":{"start":{"line":237,"column":20},"end":{"line":237,"column":33}},"118":{"start":{"line":239,"column":18},"end":{"line":239,"column":43}},"119":{"start":{"line":240,"column":20},"end":{"line":240,"column":80}},"120":{"start":{"line":241,"column":20},"end":{"line":241,"column":47}},"121":{"start":{"line":242,"column":30},"end":{"line":242,"column":41}},"122":{"start":{"line":243,"column":27},"end":{"line":243,"column":38}},"123":{"start":{"line":244,"column":23},"end":{"line":244,"column":72}},"124":{"start":{"line":245,"column":23},"end":{"line":245,"column":73}},"125":{"start":{"line":247,"column":4},"end":{"line":354,"column":7}},"126":{"start":{"line":251,"column":22},"end":{"line":251,"column":24}},"127":{"start":{"line":251,"column":27},"end":{"line":251,"column":29}},"128":{"start":{"line":251,"column":37},"end":{"line":251,"column":38}},"129":{"start":{"line":252,"column":6},"end":{"line":254,"column":null}},"130":{"start":{"line":253,"column":8},"end":{"line":253,"column":15}},"131":{"start":{"line":256,"column":16},"end":{"line":256,"column":59}},"132":{"start":{"line":257,"column":16},"end":{"line":257,"column":56}},"133":{"start":{"line":259,"column":6},"end":{"line":283,"column":null}},"134":{"start":{"line":260,"column":30},"end":{"line":260,"column":118}},"135":{"start":{"line":262,"column":8},"end":{"line":262,"column":34}},"136":{"start":{"line":263,"column":8},"end":{"line":263,"column":62}},"137":{"start":{"line":265,"column":20},"end":{"line":265,"column":89}},"138":{"start":{"line":267,"column":8},"end":{"line":267,"column":34}},"139":{"start":{"line":271,"column":12},"end":{"line":273,"column":null}},"140":{"start":{"line":275,"column":12},"end":{"line":280,"column":14}},"141":{"start":{"line":279,"column":61},"end":{"line":279,"column":null}},"142":{"start":{"line":270,"column":10},"end":{"line":281,"column":null}},"143":{"start":{"line":270,"column":23},"end":{"line":270,"column":24}},"144":{"start":{"line":270,"column":19},"end":{"line":270,"column":23}},"145":{"start":{"line":269,"column":8},"end":{"line":282,"column":null}},"146":{"start":{"line":269,"column":21},"end":{"line":269,"column":22}},"147":{"start":{"line":269,"column":17},"end":{"line":269,"column":21}},"148":{"start":{"line":285,"column":6},"end":{"line":303,"column":null}},"149":{"start":{"line":286,"column":32},"end":{"line":286,"column":69}},"150":{"start":{"line":287,"column":25},"end":{"line":294,"column":10}},"151":{"start":{"line":296,"column":8},"end":{"line":298,"column":11}},"152":{"start":{"line":296,"column":52},"end":{"line":296,"column":54}},"153":{"start":{"line":296,"column":59},"end":{"line":296,"column":96}},"154":{"start":{"line":297,"column":10},"end":{"line":297,"column":47}},"155":{"start":{"line":300,"column":8},"end":{"line":300,"column":71}},"156":{"start":{"line":301,"column":13},"end":{"line":303,"column":null}},"157":{"start":{"line":302,"column":8},"end":{"line":302,"column":97}},"158":{"start":{"line":305,"column":6},"end":{"line":305,"column":36}},"159":{"start":{"line":307,"column":6},"end":{"line":331,"column":null}},"160":{"start":{"line":308,"column":27},"end":{"line":308,"column":109}},"161":{"start":{"line":310,"column":8},"end":{"line":310,"column":34}},"162":{"start":{"line":311,"column":8},"end":{"line":311,"column":84}},"163":{"start":{"line":313,"column":20},"end":{"line":313,"column":89}},"164":{"start":{"line":315,"column":8},"end":{"line":315,"column":34}},"165":{"start":{"line":319,"column":12},"end":{"line":321,"column":null}},"166":{"start":{"line":323,"column":12},"end":{"line":328,"column":14}},"167":{"start":{"line":327,"column":61},"end":{"line":327,"column":null}},"168":{"start":{"line":318,"column":10},"end":{"line":329,"column":null}},"169":{"start":{"line":318,"column":23},"end":{"line":318,"column":24}},"170":{"start":{"line":318,"column":19},"end":{"line":318,"column":23}},"171":{"start":{"line":317,"column":8},"end":{"line":330,"column":null}},"172":{"start":{"line":317,"column":21},"end":{"line":317,"column":22}},"173":{"start":{"line":317,"column":17},"end":{"line":317,"column":21}},"174":{"start":{"line":333,"column":6},"end":{"line":351,"column":null}},"175":{"start":{"line":334,"column":32},"end":{"line":334,"column":66}},"176":{"start":{"line":335,"column":25},"end":{"line":342,"column":10}},"177":{"start":{"line":344,"column":8},"end":{"line":346,"column":11}},"178":{"start":{"line":344,"column":52},"end":{"line":344,"column":54}},"179":{"start":{"line":344,"column":59},"end":{"line":344,"column":96}},"180":{"start":{"line":345,"column":10},"end":{"line":345,"column":47}},"181":{"start":{"line":348,"column":8},"end":{"line":348,"column":71}},"182":{"start":{"line":349,"column":13},"end":{"line":351,"column":null}},"183":{"start":{"line":350,"column":8},"end":{"line":350,"column":94}},"184":{"start":{"line":353,"column":6},"end":{"line":353,"column":36}},"185":{"start":{"line":357,"column":2},"end":{"line":376,"column":null}},"186":{"start":{"line":357,"column":2},"end":{"line":357,"column":11}},"187":{"start":{"line":358,"column":4},"end":{"line":375,"column":7}},"188":{"start":{"line":359,"column":22},"end":{"line":359,"column":35}},"189":{"start":{"line":360,"column":20},"end":{"line":360,"column":31}},"190":{"start":{"line":362,"column":6},"end":{"line":364,"column":null}},"191":{"start":{"line":363,"column":8},"end":{"line":363,"column":46}},"192":{"start":{"line":366,"column":6},"end":{"line":368,"column":null}},"193":{"start":{"line":367,"column":8},"end":{"line":367,"column":61}},"194":{"start":{"line":370,"column":6},"end":{"line":370,"column":26}},"195":{"start":{"line":371,"column":6},"end":{"line":373,"column":8}},"196":{"start":{"line":372,"column":8},"end":{"line":372,"column":18}},"197":{"start":{"line":374,"column":6},"end":{"line":374,"column":32}},"198":{"start":{"line":378,"column":2},"end":{"line":408,"column":null}},"199":{"start":{"line":379,"column":9},"end":{"line":379,"column":null}},"200":{"start":{"line":380,"column":10},"end":{"line":380,"column":null}},"201":{"start":{"line":381,"column":9},"end":{"line":381,"column":null}},"202":{"start":{"line":382,"column":11},"end":{"line":382,"column":null}},"203":{"start":{"line":389,"column":26},"end":{"line":389,"column":38}},"204":{"start":{"line":391,"column":4},"end":{"line":393,"column":null}},"205":{"start":{"line":392,"column":6},"end":{"line":392,"column":43}},"206":{"start":{"line":395,"column":4},"end":{"line":397,"column":null}},"207":{"start":{"line":396,"column":6},"end":{"line":396,"column":35}},"208":{"start":{"line":399,"column":20},"end":{"line":399,"column":33}},"209":{"start":{"line":400,"column":23},"end":{"line":400,"column":72}},"210":{"start":{"line":401,"column":23},"end":{"line":401,"column":73}},"211":{"start":{"line":402,"column":15},"end":{"line":402,"column":87}},"212":{"start":{"line":403,"column":15},"end":{"line":403,"column":88}},"213":{"start":{"line":404,"column":15},"end":{"line":404,"column":54}},"214":{"start":{"line":405,"column":15},"end":{"line":405,"column":55}},"215":{"start":{"line":407,"column":4},"end":{"line":407,"column":83}},"216":{"start":{"line":410,"column":2},"end":{"line":466,"column":null}},"217":{"start":{"line":411,"column":11},"end":{"line":411,"column":null}},"218":{"start":{"line":412,"column":11},"end":{"line":412,"column":null}},"219":{"start":{"line":413,"column":22},"end":{"line":413,"column":null}},"220":{"start":{"line":414,"column":5},"end":{"line":414,"column":null}},"221":{"start":{"line":415,"column":5},"end":{"line":415,"column":null}},"222":{"start":{"line":416,"column":8},"end":{"line":416,"column":null}},"223":{"start":{"line":427,"column":4},"end":{"line":463,"column":null}},"224":{"start":{"line":428,"column":6},"end":{"line":428,"column":115}},"225":{"start":{"line":430,"column":23},"end":{"line":430,"column":85}},"226":{"start":{"line":431,"column":31},"end":{"line":431,"column":71}},"227":{"start":{"line":432,"column":15},"end":{"line":432,"column":27}},"228":{"start":{"line":433,"column":15},"end":{"line":433,"column":27}},"229":{"start":{"line":434,"column":15},"end":{"line":434,"column":27}},"230":{"start":{"line":435,"column":15},"end":{"line":435,"column":27}},"231":{"start":{"line":437,"column":6},"end":{"line":460,"column":null}},"232":{"start":{"line":441,"column":8},"end":{"line":441,"column":27}},"233":{"start":{"line":442,"column":8},"end":{"line":442,"column":50}},"234":{"start":{"line":443,"column":8},"end":{"line":443,"column":27}},"235":{"start":{"line":444,"column":8},"end":{"line":444,"column":50}},"236":{"start":{"line":445,"column":13},"end":{"line":460,"column":null}},"237":{"start":{"line":446,"column":8},"end":{"line":446,"column":27}},"238":{"start":{"line":447,"column":8},"end":{"line":447,"column":48}},"239":{"start":{"line":448,"column":8},"end":{"line":448,"column":27}},"240":{"start":{"line":449,"column":8},"end":{"line":449,"column":48}},"241":{"start":{"line":450,"column":13},"end":{"line":460,"column":null}},"242":{"start":{"line":451,"column":8},"end":{"line":451,"column":27}},"243":{"start":{"line":452,"column":8},"end":{"line":452,"column":50}},"244":{"start":{"line":453,"column":8},"end":{"line":453,"column":27}},"245":{"start":{"line":454,"column":8},"end":{"line":454,"column":50}},"246":{"start":{"line":455,"column":13},"end":{"line":460,"column":null}},"247":{"start":{"line":456,"column":8},"end":{"line":456,"column":27}},"248":{"start":{"line":457,"column":8},"end":{"line":457,"column":48}},"249":{"start":{"line":458,"column":8},"end":{"line":458,"column":27}},"250":{"start":{"line":459,"column":8},"end":{"line":459,"column":48}},"251":{"start":{"line":462,"column":6},"end":{"line":462,"column":110}},"252":{"start":{"line":465,"column":4},"end":{"line":465,"column":20}},"253":{"start":{"line":467,"column":0},"end":{"line":467,"column":null}}},"fnMap":{"0":{"name":"(anonymous_14)","decl":{"start":{"line":30,"column":0},"end":{"line":30,"column":null}},"loc":{"start":{"line":30,"column":0},"end":{"line":467,"column":null}}},"1":{"name":"QRCanvas","decl":{"start":{"line":37,"column":2},"end":{"line":37,"column":14}},"loc":{"start":{"line":37,"column":38},"end":{"line":42,"column":3}}},"2":{"name":"(anonymous_16)","decl":{"start":{"line":44,"column":2},"end":{"line":44,"column":6}},"loc":{"start":{"line":44,"column":2},"end":{"line":46,"column":3}}},"3":{"name":"(anonymous_17)","decl":{"start":{"line":48,"column":2},"end":{"line":48,"column":6}},"loc":{"start":{"line":48,"column":2},"end":{"line":50,"column":3}}},"4":{"name":"(anonymous_18)","decl":{"start":{"line":52,"column":2},"end":{"line":52,"column":6}},"loc":{"start":{"line":52,"column":2},"end":{"line":54,"column":3}}},"5":{"name":"(anonymous_19)","decl":{"start":{"line":56,"column":2},"end":{"line":56,"column":11}},"loc":{"start":{"line":56,"column":2},"end":{"line":58,"column":3}}},"6":{"name":"(anonymous_20)","decl":{"start":{"line":60,"column":2},"end":{"line":60,"column":7}},"loc":{"start":{"line":60,"column":2},"end":{"line":66,"column":3}}},"7":{"name":"(anonymous_21)","decl":{"start":{"line":68,"column":2},"end":{"line":68,"column":8}},"loc":{"start":{"line":68,"column":25},"end":{"line":126,"column":null}}},"8":{"name":"(anonymous_24)","decl":{"start":{"line":99,"column":18},"end":{"line":99,"column":19}},"loc":{"start":{"line":99,"column":39},"end":{"line":120,"column":5}}},"9":{"name":"(anonymous_25)","decl":{"start":{"line":128,"column":2},"end":{"line":128,"column":16}},"loc":{"start":{"line":128,"column":2},"end":{"line":154,"column":3}}},"10":{"name":"(anonymous_26)","decl":{"start":{"line":144,"column":43},"end":{"line":144,"column":44}},"loc":{"start":{"line":144,"column":96},"end":{"line":146,"column":9}}},"11":{"name":"(anonymous_27)","decl":{"start":{"line":156,"column":2},"end":{"line":156,"column":10}},"loc":{"start":{"line":156,"column":34},"end":{"line":224,"column":3}}},"12":{"name":"(anonymous_30)","decl":{"start":{"line":194,"column":10},"end":{"line":194,"column":11}},"loc":{"start":{"line":194,"column":43},"end":{"line":198,"column":11}}},"13":{"name":"(anonymous_31)","decl":{"start":{"line":214,"column":41},"end":{"line":214,"column":42}},"loc":{"start":{"line":214,"column":94},"end":{"line":216,"column":7}}},"14":{"name":"(anonymous_32)","decl":{"start":{"line":226,"column":2},"end":{"line":226,"column":13}},"loc":{"start":{"line":226,"column":37},"end":{"line":355,"column":3}}},"15":{"name":"(anonymous_33)","decl":{"start":{"line":251,"column":14},"end":{"line":251,"column":15}},"loc":{"start":{"line":251,"column":38},"end":{"line":354,"column":5}}},"16":{"name":"(anonymous_36)","decl":{"start":{"line":279,"column":14},"end":{"line":279,"column":15}},"loc":{"start":{"line":279,"column":47},"end":{"line":279,"column":null}}},"17":{"name":"(anonymous_37)","decl":{"start":{"line":296,"column":43},"end":{"line":296,"column":44}},"loc":{"start":{"line":296,"column":96},"end":{"line":298,"column":9}}},"18":{"name":"(anonymous_40)","decl":{"start":{"line":327,"column":14},"end":{"line":327,"column":15}},"loc":{"start":{"line":327,"column":47},"end":{"line":327,"column":null}}},"19":{"name":"(anonymous_41)","decl":{"start":{"line":344,"column":43},"end":{"line":344,"column":44}},"loc":{"start":{"line":344,"column":96},"end":{"line":346,"column":9}}},"20":{"name":"(anonymous_42)","decl":{"start":{"line":357,"column":2},"end":{"line":357,"column":11}},"loc":{"start":{"line":357,"column":2},"end":{"line":376,"column":3}}},"21":{"name":"(anonymous_43)","decl":{"start":{"line":358,"column":23},"end":{"line":358,"column":24}},"loc":{"start":{"line":358,"column":39},"end":{"line":375,"column":5}}},"22":{"name":"(anonymous_44)","decl":{"start":{"line":371,"column":21},"end":{"line":371,"column":null}},"loc":{"start":{"line":371,"column":21},"end":{"line":373,"column":7}}},"23":{"name":"(anonymous_45)","decl":{"start":{"line":378,"column":2},"end":{"line":378,"column":11}},"loc":{"start":{"line":388,"column":3},"end":{"line":408,"column":3}}},"24":{"name":"(anonymous_46)","decl":{"start":{"line":410,"column":2},"end":{"line":410,"column":17}},"loc":{"start":{"line":424,"column":3},"end":{"line":466,"column":3}}}},"branchMap":{"0":{"loc":{"start":{"line":63,"column":4},"end":{"line":65,"column":null}},"type":"if","locations":[{"start":{"line":63,"column":4},"end":{"line":65,"column":null}}]},"1":{"loc":{"start":{"line":81,"column":8},"end":{"line":81,"column":12}},"type":"if","locations":[{"start":{"line":81,"column":8},"end":{"line":81,"column":12}}]},"2":{"loc":{"start":{"line":83,"column":6},"end":{"line":83,"column":31}},"type":"if","locations":[{"start":{"line":83,"column":6},"end":{"line":83,"column":31}}]},"3":{"loc":{"start":{"line":100,"column":6},"end":{"line":109,"column":null}},"type":"if","locations":[{"start":{"line":100,"column":6},"end":{"line":109,"column":null}}]},"4":{"loc":{"start":{"line":101,"column":8},"end":{"line":108,"column":null}},"type":"if","locations":[{"start":{"line":101,"column":8},"end":{"line":108,"column":null}}]},"5":{"loc":{"start":{"line":102,"column":10},"end":{"line":105,"column":51}},"type":"binary-expr","locations":[{"start":{"line":102,"column":10},"end":{"line":102,"column":52}},{"start":{"line":103,"column":10},"end":{"line":103,"column":51}},{"start":{"line":104,"column":10},"end":{"line":104,"column":52}},{"start":{"line":105,"column":10},"end":{"line":105,"column":51}}]},"6":{"loc":{"start":{"line":111,"column":6},"end":{"line":113,"column":null}},"type":"if","locations":[{"start":{"line":111,"column":6},"end":{"line":113,"column":null}}]},"7":{"loc":{"start":{"line":111,"column":10},"end":{"line":111,"column":98}},"type":"binary-expr","locations":[{"start":{"line":111,"column":10},"end":{"line":111,"column":28}},{"start":{"line":111,"column":32},"end":{"line":111,"column":62}},{"start":{"line":111,"column":66},"end":{"line":111,"column":96}}]},"8":{"loc":{"start":{"line":111,"column":10},"end":{"line":111,"column":28}},"type":"cond-expr","locations":[{"start":{"line":111,"column":23},"end":{"line":111,"column":26}},{"start":{"line":111,"column":23},"end":{"line":111,"column":28}}]},"9":{"loc":{"start":{"line":111,"column":10},"end":{"line":111,"column":26}},"type":"binary-expr","locations":[{"start":{"line":111,"column":10},"end":{"line":111,"column":26}},{"start":{"line":111,"column":23},"end":{"line":111,"column":26}}]},"10":{"loc":{"start":{"line":111,"column":32},"end":{"line":111,"column":62}},"type":"cond-expr","locations":[{"start":{"line":111,"column":57},"end":{"line":111,"column":60}},{"start":{"line":111,"column":57},"end":{"line":111,"column":62}}]},"11":{"loc":{"start":{"line":111,"column":32},"end":{"line":111,"column":60}},"type":"binary-expr","locations":[{"start":{"line":111,"column":32},"end":{"line":111,"column":60}},{"start":{"line":111,"column":57},"end":{"line":111,"column":60}}]},"12":{"loc":{"start":{"line":111,"column":66},"end":{"line":111,"column":96}},"type":"cond-expr","locations":[{"start":{"line":111,"column":79},"end":{"line":111,"column":82}},{"start":{"line":111,"column":79},"end":{"line":111,"column":96}}]},"13":{"loc":{"start":{"line":111,"column":66},"end":{"line":111,"column":82}},"type":"binary-expr","locations":[{"start":{"line":111,"column":66},"end":{"line":111,"column":82}},{"start":{"line":111,"column":79},"end":{"line":111,"column":82}}]},"14":{"loc":{"start":{"line":115,"column":6},"end":{"line":117,"column":null}},"type":"if","locations":[{"start":{"line":115,"column":6},"end":{"line":117,"column":null}}]},"15":{"loc":{"start":{"line":115,"column":10},"end":{"line":115,"column":89}},"type":"binary-expr","locations":[{"start":{"line":115,"column":10},"end":{"line":115,"column":25}},{"start":{"line":115,"column":29},"end":{"line":115,"column":56}},{"start":{"line":115,"column":60},"end":{"line":115,"column":87}}]},"16":{"loc":{"start":{"line":115,"column":10},"end":{"line":115,"column":25}},"type":"cond-expr","locations":[{"start":{"line":115,"column":20},"end":{"line":115,"column":23}},{"start":{"line":115,"column":20},"end":{"line":115,"column":25}}]},"17":{"loc":{"start":{"line":115,"column":10},"end":{"line":115,"column":23}},"type":"binary-expr","locations":[{"start":{"line":115,"column":10},"end":{"line":115,"column":23}},{"start":{"line":115,"column":20},"end":{"line":115,"column":23}}]},"18":{"loc":{"start":{"line":115,"column":29},"end":{"line":115,"column":56}},"type":"cond-expr","locations":[{"start":{"line":115,"column":51},"end":{"line":115,"column":54}},{"start":{"line":115,"column":51},"end":{"line":115,"column":56}}]},"19":{"loc":{"start":{"line":115,"column":29},"end":{"line":115,"column":54}},"type":"binary-expr","locations":[{"start":{"line":115,"column":29},"end":{"line":115,"column":54}},{"start":{"line":115,"column":51},"end":{"line":115,"column":54}}]},"20":{"loc":{"start":{"line":115,"column":60},"end":{"line":115,"column":87}},"type":"cond-expr","locations":[{"start":{"line":115,"column":70},"end":{"line":115,"column":73}},{"start":{"line":115,"column":70},"end":{"line":115,"column":87}}]},"21":{"loc":{"start":{"line":115,"column":60},"end":{"line":115,"column":73}},"type":"binary-expr","locations":[{"start":{"line":115,"column":60},"end":{"line":115,"column":73}},{"start":{"line":115,"column":70},"end":{"line":115,"column":73}}]},"22":{"loc":{"start":{"line":123,"column":4},"end":{"line":125,"column":null}},"type":"if","locations":[{"start":{"line":123,"column":4},"end":{"line":125,"column":null}}]},"23":{"loc":{"start":{"line":132,"column":4},"end":{"line":153,"column":null}},"type":"if","locations":[{"start":{"line":132,"column":4},"end":{"line":153,"column":null}}]},"24":{"loc":{"start":{"line":133,"column":6},"end":{"line":151,"column":null}},"type":"if","locations":[{"start":{"line":133,"column":6},"end":{"line":151,"column":null}},{"start":{"line":149,"column":13},"end":{"line":151,"column":null}}]},"25":{"loc":{"start":{"line":141,"column":16},"end":{"line":141,"column":99}},"type":"cond-expr","locations":[{"start":{"line":141,"column":59},"end":{"line":141,"column":77}},{"start":{"line":141,"column":80},"end":{"line":141,"column":99}}]},"26":{"loc":{"start":{"line":149,"column":13},"end":{"line":151,"column":null}},"type":"if","locations":[{"start":{"line":149,"column":13},"end":{"line":151,"column":null}}]},"27":{"loc":{"start":{"line":157,"column":4},"end":{"line":159,"column":null}},"type":"if","locations":[{"start":{"line":157,"column":4},"end":{"line":159,"column":null}}]},"28":{"loc":{"start":{"line":163,"column":4},"end":{"line":165,"column":null}},"type":"if","locations":[{"start":{"line":163,"column":4},"end":{"line":165,"column":null}}]},"29":{"loc":{"start":{"line":170,"column":4},"end":{"line":172,"column":null}},"type":"if","locations":[{"start":{"line":170,"column":4},"end":{"line":172,"column":null}}]},"30":{"loc":{"start":{"line":170,"column":8},"end":{"line":170,"column":55}},"type":"binary-expr","locations":[{"start":{"line":170,"column":8},"end":{"line":170,"column":29}},{"start":{"line":170,"column":33},"end":{"line":170,"column":55}}]},"31":{"loc":{"start":{"line":184,"column":8},"end":{"line":186,"column":null}},"type":"if","locations":[{"start":{"line":184,"column":8},"end":{"line":186,"column":null}}]},"32":{"loc":{"start":{"line":184,"column":12},"end":{"line":184,"column":35}},"type":"binary-expr","locations":[{"start":{"line":184,"column":12},"end":{"line":184,"column":18}},{"start":{"line":184,"column":22},"end":{"line":184,"column":35}}]},"33":{"loc":{"start":{"line":187,"column":8},"end":{"line":189,"column":null}},"type":"if","locations":[{"start":{"line":187,"column":8},"end":{"line":189,"column":null}}]},"34":{"loc":{"start":{"line":195,"column":12},"end":{"line":195,"column":113}},"type":"if","locations":[{"start":{"line":195,"column":12},"end":{"line":195,"column":113}}]},"35":{"loc":{"start":{"line":195,"column":16},"end":{"line":195,"column":98}},"type":"binary-expr","locations":[{"start":{"line":195,"column":16},"end":{"line":195,"column":31}},{"start":{"line":195,"column":35},"end":{"line":195,"column":50}},{"start":{"line":195,"column":54},"end":{"line":195,"column":74}},{"start":{"line":195,"column":78},"end":{"line":195,"column":98}}]},"36":{"loc":{"start":{"line":196,"column":12},"end":{"line":196,"column":74}},"type":"if","locations":[{"start":{"line":196,"column":12},"end":{"line":196,"column":74}}]},"37":{"loc":{"start":{"line":196,"column":16},"end":{"line":196,"column":59}},"type":"binary-expr","locations":[{"start":{"line":196,"column":16},"end":{"line":196,"column":22}},{"start":{"line":196,"column":26},"end":{"line":196,"column":59}}]},"38":{"loc":{"start":{"line":197,"column":19},"end":{"line":197,"column":74}},"type":"binary-expr","locations":[{"start":{"line":197,"column":19},"end":{"line":197,"column":29}},{"start":{"line":197,"column":33},"end":{"line":197,"column":74}}]},"39":{"loc":{"start":{"line":203,"column":4},"end":{"line":221,"column":null}},"type":"if","locations":[{"start":{"line":203,"column":4},"end":{"line":221,"column":null}},{"start":{"line":219,"column":11},"end":{"line":221,"column":null}}]},"40":{"loc":{"start":{"line":219,"column":11},"end":{"line":221,"column":null}},"type":"if","locations":[{"start":{"line":219,"column":11},"end":{"line":221,"column":null}}]},"41":{"loc":{"start":{"line":227,"column":4},"end":{"line":229,"column":null}},"type":"if","locations":[{"start":{"line":227,"column":4},"end":{"line":229,"column":null}}]},"42":{"loc":{"start":{"line":233,"column":4},"end":{"line":235,"column":null}},"type":"if","locations":[{"start":{"line":233,"column":4},"end":{"line":235,"column":null}}]},"43":{"loc":{"start":{"line":252,"column":6},"end":{"line":254,"column":null}},"type":"if","locations":[{"start":{"line":252,"column":6},"end":{"line":254,"column":null}}]},"44":{"loc":{"start":{"line":252,"column":10},"end":{"line":252,"column":40}},"type":"binary-expr","locations":[{"start":{"line":252,"column":10},"end":{"line":252,"column":16}},{"start":{"line":252,"column":20},"end":{"line":252,"column":40}}]},"45":{"loc":{"start":{"line":259,"column":6},"end":{"line":283,"column":null}},"type":"if","locations":[{"start":{"line":259,"column":6},"end":{"line":283,"column":null}},{"start":{"line":264,"column":13},"end":{"line":283,"column":null}}]},"46":{"loc":{"start":{"line":259,"column":10},"end":{"line":259,"column":44}},"type":"cond-expr","locations":[{"start":{"line":259,"column":38},"end":{"line":259,"column":40}},{"start":{"line":259,"column":38},"end":{"line":259,"column":44}}]},"47":{"loc":{"start":{"line":259,"column":10},"end":{"line":259,"column":40}},"type":"binary-expr","locations":[{"start":{"line":259,"column":10},"end":{"line":259,"column":40}},{"start":{"line":259,"column":38},"end":{"line":259,"column":40}}]},"48":{"loc":{"start":{"line":260,"column":81},"end":{"line":260,"column":115}},"type":"cond-expr","locations":[{"start":{"line":260,"column":109},"end":{"line":260,"column":111}},{"start":{"line":260,"column":109},"end":{"line":260,"column":115}}]},"49":{"loc":{"start":{"line":260,"column":81},"end":{"line":260,"column":111}},"type":"binary-expr","locations":[{"start":{"line":260,"column":81},"end":{"line":260,"column":111}},{"start":{"line":260,"column":109},"end":{"line":260,"column":111}}]},"50":{"loc":{"start":{"line":271,"column":12},"end":{"line":273,"column":null}},"type":"if","locations":[{"start":{"line":271,"column":12},"end":{"line":273,"column":null}}]},"51":{"loc":{"start":{"line":271,"column":17},"end":{"line":271,"column":35}},"type":"cond-expr","locations":[{"start":{"line":271,"column":30},"end":{"line":271,"column":33}},{"start":{"line":271,"column":30},"end":{"line":271,"column":35}}]},"52":{"loc":{"start":{"line":271,"column":17},"end":{"line":271,"column":33}},"type":"binary-expr","locations":[{"start":{"line":271,"column":17},"end":{"line":271,"column":33}},{"start":{"line":271,"column":30},"end":{"line":271,"column":33}}]},"53":{"loc":{"start":{"line":279,"column":63},"end":{"line":279,"column":101}},"type":"cond-expr","locations":[{"start":{"line":279,"column":86},"end":{"line":279,"column":89}},{"start":{"line":279,"column":86},"end":{"line":279,"column":101}}]},"54":{"loc":{"start":{"line":279,"column":63},"end":{"line":279,"column":89}},"type":"binary-expr","locations":[{"start":{"line":279,"column":63},"end":{"line":279,"column":89}},{"start":{"line":279,"column":86},"end":{"line":279,"column":89}}]},"55":{"loc":{"start":{"line":285,"column":6},"end":{"line":303,"column":null}},"type":"if","locations":[{"start":{"line":285,"column":6},"end":{"line":303,"column":null}},{"start":{"line":301,"column":13},"end":{"line":303,"column":null}}]},"56":{"loc":{"start":{"line":285,"column":10},"end":{"line":285,"column":48}},"type":"cond-expr","locations":[{"start":{"line":285,"column":38},"end":{"line":285,"column":40}},{"start":{"line":285,"column":38},"end":{"line":285,"column":48}}]},"57":{"loc":{"start":{"line":285,"column":10},"end":{"line":285,"column":40}},"type":"binary-expr","locations":[{"start":{"line":285,"column":10},"end":{"line":285,"column":40}},{"start":{"line":285,"column":38},"end":{"line":285,"column":40}}]},"58":{"loc":{"start":{"line":301,"column":13},"end":{"line":303,"column":null}},"type":"if","locations":[{"start":{"line":301,"column":13},"end":{"line":303,"column":null}}]},"59":{"loc":{"start":{"line":301,"column":17},"end":{"line":301,"column":52}},"type":"cond-expr","locations":[{"start":{"line":301,"column":45},"end":{"line":301,"column":47}},{"start":{"line":301,"column":45},"end":{"line":301,"column":52}}]},"60":{"loc":{"start":{"line":301,"column":17},"end":{"line":301,"column":47}},"type":"binary-expr","locations":[{"start":{"line":301,"column":17},"end":{"line":301,"column":47}},{"start":{"line":301,"column":45},"end":{"line":301,"column":47}}]},"61":{"loc":{"start":{"line":307,"column":6},"end":{"line":331,"column":null}},"type":"if","locations":[{"start":{"line":307,"column":6},"end":{"line":331,"column":null}},{"start":{"line":312,"column":13},"end":{"line":331,"column":null}}]},"62":{"loc":{"start":{"line":307,"column":10},"end":{"line":307,"column":41}},"type":"cond-expr","locations":[{"start":{"line":307,"column":35},"end":{"line":307,"column":37}},{"start":{"line":307,"column":35},"end":{"line":307,"column":41}}]},"63":{"loc":{"start":{"line":307,"column":10},"end":{"line":307,"column":37}},"type":"binary-expr","locations":[{"start":{"line":307,"column":10},"end":{"line":307,"column":37}},{"start":{"line":307,"column":35},"end":{"line":307,"column":37}}]},"64":{"loc":{"start":{"line":308,"column":75},"end":{"line":308,"column":106}},"type":"cond-expr","locations":[{"start":{"line":308,"column":100},"end":{"line":308,"column":102}},{"start":{"line":308,"column":100},"end":{"line":308,"column":106}}]},"65":{"loc":{"start":{"line":308,"column":75},"end":{"line":308,"column":102}},"type":"binary-expr","locations":[{"start":{"line":308,"column":75},"end":{"line":308,"column":102}},{"start":{"line":308,"column":100},"end":{"line":308,"column":102}}]},"66":{"loc":{"start":{"line":319,"column":12},"end":{"line":321,"column":null}},"type":"if","locations":[{"start":{"line":319,"column":12},"end":{"line":321,"column":null}}]},"67":{"loc":{"start":{"line":319,"column":17},"end":{"line":319,"column":32}},"type":"cond-expr","locations":[{"start":{"line":319,"column":27},"end":{"line":319,"column":30}},{"start":{"line":319,"column":27},"end":{"line":319,"column":32}}]},"68":{"loc":{"start":{"line":319,"column":17},"end":{"line":319,"column":30}},"type":"binary-expr","locations":[{"start":{"line":319,"column":17},"end":{"line":319,"column":30}},{"start":{"line":319,"column":27},"end":{"line":319,"column":30}}]},"69":{"loc":{"start":{"line":327,"column":63},"end":{"line":327,"column":98}},"type":"cond-expr","locations":[{"start":{"line":327,"column":83},"end":{"line":327,"column":86}},{"start":{"line":327,"column":83},"end":{"line":327,"column":98}}]},"70":{"loc":{"start":{"line":327,"column":63},"end":{"line":327,"column":86}},"type":"binary-expr","locations":[{"start":{"line":327,"column":63},"end":{"line":327,"column":86}},{"start":{"line":327,"column":83},"end":{"line":327,"column":86}}]},"71":{"loc":{"start":{"line":333,"column":6},"end":{"line":351,"column":null}},"type":"if","locations":[{"start":{"line":333,"column":6},"end":{"line":351,"column":null}},{"start":{"line":349,"column":13},"end":{"line":351,"column":null}}]},"72":{"loc":{"start":{"line":333,"column":10},"end":{"line":333,"column":45}},"type":"cond-expr","locations":[{"start":{"line":333,"column":35},"end":{"line":333,"column":37}},{"start":{"line":333,"column":35},"end":{"line":333,"column":45}}]},"73":{"loc":{"start":{"line":333,"column":10},"end":{"line":333,"column":37}},"type":"binary-expr","locations":[{"start":{"line":333,"column":10},"end":{"line":333,"column":37}},{"start":{"line":333,"column":35},"end":{"line":333,"column":37}}]},"74":{"loc":{"start":{"line":349,"column":13},"end":{"line":351,"column":null}},"type":"if","locations":[{"start":{"line":349,"column":13},"end":{"line":351,"column":null}}]},"75":{"loc":{"start":{"line":349,"column":17},"end":{"line":349,"column":49}},"type":"cond-expr","locations":[{"start":{"line":349,"column":42},"end":{"line":349,"column":44}},{"start":{"line":349,"column":42},"end":{"line":349,"column":49}}]},"76":{"loc":{"start":{"line":349,"column":17},"end":{"line":349,"column":44}},"type":"binary-expr","locations":[{"start":{"line":349,"column":17},"end":{"line":349,"column":44}},{"start":{"line":349,"column":42},"end":{"line":349,"column":44}}]},"77":{"loc":{"start":{"line":362,"column":6},"end":{"line":364,"column":null}},"type":"if","locations":[{"start":{"line":362,"column":6},"end":{"line":364,"column":null}}]},"78":{"loc":{"start":{"line":366,"column":6},"end":{"line":368,"column":null}},"type":"if","locations":[{"start":{"line":366,"column":6},"end":{"line":368,"column":null}}]},"79":{"loc":{"start":{"line":391,"column":4},"end":{"line":393,"column":null}},"type":"if","locations":[{"start":{"line":391,"column":4},"end":{"line":393,"column":null}}]},"80":{"loc":{"start":{"line":395,"column":4},"end":{"line":397,"column":null}},"type":"if","locations":[{"start":{"line":395,"column":4},"end":{"line":397,"column":null}}]},"81":{"loc":{"start":{"line":407,"column":49},"end":{"line":407,"column":64}},"type":"cond-expr","locations":[{"start":{"line":407,"column":58},"end":{"line":407,"column":59}},{"start":{"line":407,"column":62},"end":{"line":407,"column":64}}]},"82":{"loc":{"start":{"line":407,"column":66},"end":{"line":407,"column":81}},"type":"cond-expr","locations":[{"start":{"line":407,"column":75},"end":{"line":407,"column":76}},{"start":{"line":407,"column":79},"end":{"line":407,"column":81}}]},"83":{"loc":{"start":{"line":427,"column":4},"end":{"line":463,"column":null}},"type":"if","locations":[{"start":{"line":427,"column":4},"end":{"line":463,"column":null}},{"start":{"line":429,"column":11},"end":{"line":463,"column":null}}]},"84":{"loc":{"start":{"line":430,"column":25},"end":{"line":430,"column":46}},"type":"binary-expr","locations":[{"start":{"line":430,"column":25},"end":{"line":430,"column":41}},{"start":{"line":430,"column":45},"end":{"line":430,"column":46}}]},"85":{"loc":{"start":{"line":437,"column":6},"end":{"line":460,"column":null}},"type":"if","locations":[{"start":{"line":437,"column":6},"end":{"line":460,"column":null}},{"start":{"line":445,"column":13},"end":{"line":460,"column":null}}]},"86":{"loc":{"start":{"line":438,"column":8},"end":{"line":439,"column":78}},"type":"binary-expr","locations":[{"start":{"line":438,"column":9},"end":{"line":438,"column":30}},{"start":{"line":438,"column":34},"end":{"line":438,"column":68}},{"start":{"line":439,"column":9},"end":{"line":439,"column":42}},{"start":{"line":439,"column":46},"end":{"line":439,"column":77}}]},"87":{"loc":{"start":{"line":445,"column":13},"end":{"line":460,"column":null}},"type":"if","locations":[{"start":{"line":445,"column":13},"end":{"line":460,"column":null}},{"start":{"line":450,"column":13},"end":{"line":460,"column":null}}]},"88":{"loc":{"start":{"line":445,"column":17},"end":{"line":445,"column":88}},"type":"binary-expr","locations":[{"start":{"line":445,"column":17},"end":{"line":445,"column":50}},{"start":{"line":445,"column":54},"end":{"line":445,"column":88}}]},"89":{"loc":{"start":{"line":450,"column":13},"end":{"line":460,"column":null}},"type":"if","locations":[{"start":{"line":450,"column":13},"end":{"line":460,"column":null}},{"start":{"line":455,"column":13},"end":{"line":460,"column":null}}]},"90":{"loc":{"start":{"line":450,"column":17},"end":{"line":450,"column":88}},"type":"binary-expr","locations":[{"start":{"line":450,"column":17},"end":{"line":450,"column":50}},{"start":{"line":450,"column":54},"end":{"line":450,"column":88}}]},"91":{"loc":{"start":{"line":455,"column":13},"end":{"line":460,"column":null}},"type":"if","locations":[{"start":{"line":455,"column":13},"end":{"line":460,"column":null}}]},"92":{"loc":{"start":{"line":455,"column":17},"end":{"line":455,"column":88}},"type":"binary-expr","locations":[{"start":{"line":455,"column":17},"end":{"line":455,"column":50}},{"start":{"line":455,"column":54},"end":{"line":455,"column":88}}]}},"s":{"0":0,"1":0,"2":0,"3":0,"4":0,"5":0,"6":0,"7":0,"8":0,"9":0,"10":0,"11":0,"12":0,"13":0,"14":0,"15":0,"16":0,"17":0,"18":0,"19":0,"20":0,"21":0,"22":0,"23":0,"24":0,"25":0,"26":0,"27":0,"28":0,"29":0,"30":0,"31":0,"32":0,"33":0,"34":0,"35":0,"36":0,"37":0,"38":0,"39":0,"40":0,"41":0,"42":0,"43":0,"44":0,"45":0,"46":0,"47":0,"48":0,"49":0,"50":0,"51":0,"52":0,"53":0,"54":0,"55":0,"56":0,"57":0,"58":0,"59":0,"60":0,"61":0,"62":0,"63":0,"64":0,"65":0,"66":0,"67":0,"68":0,"69":0,"70":0,"71":0,"72":0,"73":0,"74":0,"75":0,"76":0,"77":0,"78":0,"79":0,"80":0,"81":0,"82":0,"83":0,"84":0,"85":0,"86":0,"87":0,"88":0,"89":0,"90":0,"91":0,"92":0,"93":0,"94":0,"95":0,"96":0,"97":0,"98":0,"99":0,"100":0,"101":0,"102":0,"103":0,"104":0,"105":0,"106":0,"107":0,"108":0,"109":0,"110":0,"111":0,"112":0,"113":0,"114":0,"115":0,"116":0,"117":0,"118":0,"119":0,"120":0,"121":0,"122":0,"123":0,"124":0,"125":0,"126":0,"127":0,"128":0,"129":0,"130":0,"131":0,"132":0,"133":0,"134":0,"135":0,"136":0,"137":0,"138":0,"139":0,"140":0,"141":0,"142":0,"143":0,"144":0,"145":0,"146":0,"147":0,"148":0,"149":0,"150":0,"151":0,"152":0,"153":0,"154":0,"155":0,"156":0,"157":0,"158":0,"159":0,"160":0,"161":0,"162":0,"163":0,"164":0,"165":0,"166":0,"167":0,"168":0,"169":0,"170":0,"171":0,"172":0,"173":0,"174":0,"175":0,"176":0,"177":0,"178":0,"179":0,"180":0,"181":0,"182":0,"183":0,"184":0,"185":0,"186":0,"187":0,"188":0,"189":0,"190":0,"191":0,"192":0,"193":0,"194":0,"195":0,"196":0,"197":0,"198":0,"199":0,"200":0,"201":0,"202":0,"203":0,"204":0,"205":0,"206":0,"207":0,"208":0,"209":0,"210":0,"211":0,"212":0,"213":0,"214":0,"215":0,"216":0,"217":0,"218":0,"219":0,"220":0,"221":0,"222":0,"223":0,"224":0,"225":0,"226":0,"227":0,"228":0,"229":0,"230":0,"231":0,"232":0,"233":0,"234":0,"235":0,"236":0,"237":0,"238":0,"239":0,"240":0,"241":0,"242":0,"243":0,"244":0,"245":0,"246":0,"247":0,"248":0,"249":0,"250":0,"251":0,"252":0,"253":0},"f":{"0":0,"1":0,"2":0,"3":0,"4":0,"5":0,"6":0,"7":0,"8":0,"9":0,"10":0,"11":0,"12":0,"13":0,"14":0,"15":0,"16":0,"17":0,"18":0,"19":0,"20":0,"21":0,"22":0,"23":0,"24":0},"b":{"0":[0],"1":[0],"2":[0],"3":[0],"4":[0],"5":[0,0,0,0],"6":[0],"7":[0,0,0],"8":[0,0],"9":[0,0],"10":[0,0],"11":[0,0],"12":[0,0],"13":[0,0],"14":[0],"15":[0,0,0],"16":[0,0],"17":[0,0],"18":[0,0],"19":[0,0],"20":[0,0],"21":[0,0],"22":[0],"23":[0],"24":[0,0],"25":[0,0],"26":[0],"27":[0],"28":[0],"29":[0],"30":[0,0],"31":[0],"32":[0,0],"33":[0],"34":[0],"35":[0,0,0,0],"36":[0],"37":[0,0],"38":[0,0],"39":[0,0],"40":[0],"41":[0],"42":[0],"43":[0],"44":[0,0],"45":[0,0],"46":[0,0],"47":[0,0],"48":[0,0],"49":[0,0],"50":[0],"51":[0,0],"52":[0,0],"53":[0,0],"54":[0,0],"55":[0,0],"56":[0,0],"57":[0,0],"58":[0],"59":[0,0],"60":[0,0],"61":[0,0],"62":[0,0],"63":[0,0],"64":[0,0],"65":[0,0],"66":[0],"67":[0,0],"68":[0,0],"69":[0,0],"70":[0,0],"71":[0,0],"72":[0,0],"73":[0,0],"74":[0],"75":[0,0],"76":[0,0],"77":[0],"78":[0],"79":[0],"80":[0],"81":[0,0],"82":[0,0],"83":[0,0],"84":[0,0],"85":[0,0],"86":[0,0,0,0],"87":[0,0],"88":[0,0],"89":[0,0],"90":[0,0],"91":[0],"92":[0,0]}}
,"/Users/apple/Desktop/Projects/QRinsight/qr-code-styling-custom/src/core/QRCodeStyling.ts": {"path":"/Users/apple/Desktop/Projects/QRinsight/qr-code-styling-custom/src/core/QRCodeStyling.ts","statementMap":{"0":{"start":{"line":1,"column":0},"end":{"line":1,"column":39}},"1":{"start":{"line":2,"column":0},"end":{"line":2,"column":39}},"2":{"start":{"line":3,"column":0},"end":{"line":3,"column":47}},"3":{"start":{"line":4,"column":0},"end":{"line":4,"column":34}},"4":{"start":{"line":5,"column":0},"end":{"line":5,"column":28}},"5":{"start":{"line":6,"column":0},"end":{"line":6,"column":47}},"6":{"start":{"line":8,"column":0},"end":{"line":8,"column":62}},"7":{"start":{"line":9,"column":0},"end":{"line":9,"column":55}},"8":{"start":{"line":11,"column":0},"end":{"line":11,"column":38}},"9":{"start":{"line":13,"column":0},"end":{"line":13,"column":null}},"10":{"start":{"line":23,"column":4},"end":{"line":23,"column":118}},"11":{"start":{"line":24,"column":4},"end":{"line":24,"column":18}},"12":{"start":{"line":27,"column":9},"end":{"line":31,"column":null}},"13":{"start":{"line":28,"column":4},"end":{"line":30,"column":null}},"14":{"start":{"line":29,"column":6},"end":{"line":29,"column":31}},"15":{"start":{"line":33,"column":8},"end":{"line":65,"column":null}},"16":{"start":{"line":33,"column":29},"end":{"line":33,"column":null}},"17":{"start":{"line":34,"column":4},"end":{"line":34,"column":44}},"18":{"start":{"line":34,"column":19},"end":{"line":34,"column":44}},"19":{"start":{"line":36,"column":8},"end":{"line":36,"column":17}},"20":{"start":{"line":37,"column":10},"end":{"line":37,"column":30}},"21":{"start":{"line":39,"column":6},"end":{"line":45,"column":null}},"22":{"start":{"line":40,"column":8},"end":{"line":40,"column":24}},"23":{"start":{"line":41,"column":8},"end":{"line":41,"column":42}},"24":{"start":{"line":43,"column":8},"end":{"line":43,"column":39}},"25":{"start":{"line":44,"column":8},"end":{"line":44,"column":39}},"26":{"start":{"line":47,"column":6},"end":{"line":47,"column":20}},"27":{"start":{"line":49,"column":6},"end":{"line":49,"column":17}},"28":{"start":{"line":51,"column":10},"end":{"line":51,"column":36}},"29":{"start":{"line":53,"column":6},"end":{"line":59,"column":null}},"30":{"start":{"line":54,"column":8},"end":{"line":54,"column":30}},"31":{"start":{"line":55,"column":8},"end":{"line":55,"column":45}},"32":{"start":{"line":57,"column":8},"end":{"line":57,"column":45}},"33":{"start":{"line":58,"column":8},"end":{"line":58,"column":42}},"34":{"start":{"line":61,"column":6},"end":{"line":61,"column":20}},"35":{"start":{"line":63,"column":6},"end":{"line":63,"column":20}},"36":{"start":{"line":67,"column":2},"end":{"line":92,"column":null}},"37":{"start":{"line":68,"column":4},"end":{"line":68,"column":51}},"38":{"start":{"line":69,"column":4},"end":{"line":69,"column":116}},"39":{"start":{"line":71,"column":4},"end":{"line":73,"column":null}},"40":{"start":{"line":72,"column":6},"end":{"line":72,"column":13}},"41":{"start":{"line":75,"column":4},"end":{"line":75,"column":104}},"42":{"start":{"line":76,"column":4},"end":{"line":76,"column":102}},"43":{"start":{"line":77,"column":4},"end":{"line":77,"column":20}},"44":{"start":{"line":79,"column":4},"end":{"line":89,"column":null}},"45":{"start":{"line":80,"column":6},"end":{"line":80,"column":49}},"46":{"start":{"line":81,"column":6},"end":{"line":81,"column":65}},"47":{"start":{"line":82,"column":6},"end":{"line":82,"column":42}},"48":{"start":{"line":83,"column":6},"end":{"line":83,"column":28}},"49":{"start":{"line":85,"column":6},"end":{"line":85,"column":43}},"50":{"start":{"line":86,"column":6},"end":{"line":86,"column":59}},"51":{"start":{"line":87,"column":6},"end":{"line":87,"column":45}},"52":{"start":{"line":88,"column":6},"end":{"line":88,"column":31}},"53":{"start":{"line":91,"column":4},"end":{"line":91,"column":33}},"54":{"start":{"line":94,"column":2},"end":{"line":114,"column":null}},"55":{"start":{"line":95,"column":4},"end":{"line":97,"column":null}},"56":{"start":{"line":96,"column":6},"end":{"line":96,"column":13}},"57":{"start":{"line":99,"column":4},"end":{"line":101,"column":null}},"58":{"start":{"line":100,"column":6},"end":{"line":100,"column":52}},"59":{"start":{"line":103,"column":4},"end":{"line":111,"column":null}},"60":{"start":{"line":104,"column":6},"end":{"line":106,"column":null}},"61":{"start":{"line":105,"column":8},"end":{"line":105,"column":56}},"62":{"start":{"line":108,"column":6},"end":{"line":110,"column":null}},"63":{"start":{"line":109,"column":8},"end":{"line":109,"column":54}},"64":{"start":{"line":113,"column":4},"end":{"line":113,"column":32}},"65":{"start":{"line":116,"column":8},"end":{"line":130,"column":null}},"66":{"start":{"line":116,"column":19},"end":{"line":116,"column":null}},"67":{"start":{"line":117,"column":4},"end":{"line":117,"column":44}},"68":{"start":{"line":117,"column":19},"end":{"line":117,"column":44}},"69":{"start":{"line":118,"column":20},"end":{"line":118,"column":null}},"70":{"start":{"line":118,"column":10},"end":{"line":118,"column":null}},"71":{"start":{"line":120,"column":4},"end":{"line":129,"column":null}},"72":{"start":{"line":121,"column":12},"end":{"line":121,"column":45}},"73":{"start":{"line":122,"column":12},"end":{"line":122,"column":96}},"74":{"start":{"line":124,"column":6},"end":{"line":124,"column":105}},"75":{"start":{"line":126,"column":6},"end":{"line":128,"column":8}},"76":{"start":{"line":127,"column":8},"end":{"line":127,"column":null}},"77":{"start":{"line":132,"column":8},"end":{"line":165,"column":null}},"78":{"start":{"line":133,"column":4},"end":{"line":133,"column":44}},"79":{"start":{"line":133,"column":19},"end":{"line":133,"column":44}},"80":{"start":{"line":134,"column":8},"end":{"line":134,"column":39}},"81":{"start":{"line":135,"column":8},"end":{"line":135,"column":20}},"82":{"start":{"line":138,"column":4},"end":{"line":150,"column":null}},"83":{"start":{"line":139,"column":6},"end":{"line":139,"column":47}},"84":{"start":{"line":140,"column":6},"end":{"line":142,"column":8}},"85":{"start":{"line":143,"column":11},"end":{"line":150,"column":null}},"86":{"start":{"line":144,"column":6},"end":{"line":146,"column":null}},"87":{"start":{"line":145,"column":8},"end":{"line":145,"column":36}},"88":{"start":{"line":147,"column":6},"end":{"line":149,"column":null}},"89":{"start":{"line":148,"column":8},"end":{"line":148,"column":46}},"90":{"start":{"line":152,"column":20},"end":{"line":152,"column":null}},"91":{"start":{"line":152,"column":10},"end":{"line":152,"column":null}},"92":{"start":{"line":154,"column":4},"end":{"line":164,"column":null}},"93":{"start":{"line":155,"column":12},"end":{"line":155,"column":45}},"94":{"start":{"line":156,"column":10},"end":{"line":156,"column":94}},"95":{"start":{"line":158,"column":6},"end":{"line":158,"column":68}},"96":{"start":{"line":159,"column":12},"end":{"line":159,"column":83}},"97":{"start":{"line":160,"column":6},"end":{"line":160,"column":38}},"98":{"start":{"line":162,"column":12},"end":{"line":162,"column":97}},"99":{"start":{"line":163,"column":6},"end":{"line":163,"column":47}},"100":{"start":{"line":166,"column":0},"end":{"line":166,"column":null}}},"fnMap":{"0":{"name":"(anonymous_14)","decl":{"start":{"line":13,"column":0},"end":{"line":13,"column":null}},"loc":{"start":{"line":13,"column":0},"end":{"line":166,"column":null}}},"1":{"name":"QRCodeStyling","decl":{"start":{"line":22,"column":2},"end":{"line":22,"column":14}},"loc":{"start":{"line":22,"column":40},"end":{"line":25,"column":3}}},"2":{"name":"(anonymous_16)","decl":{"start":{"line":27,"column":2},"end":{"line":27,"column":9}},"loc":{"start":{"line":27,"column":48},"end":{"line":31,"column":3}}},"3":{"name":"(anonymous_17)","decl":{"start":{"line":33,"column":2},"end":{"line":33,"column":8}},"loc":{"start":{"line":33,"column":57},"end":{"line":65,"column":null}}},"4":{"name":"(anonymous_20)","decl":{"start":{"line":67,"column":2},"end":{"line":67,"column":8}},"loc":{"start":{"line":67,"column":35},"end":{"line":92,"column":3}}},"5":{"name":"(anonymous_21)","decl":{"start":{"line":94,"column":2},"end":{"line":94,"column":8}},"loc":{"start":{"line":94,"column":32},"end":{"line":114,"column":3}}},"6":{"name":"(anonymous_22)","decl":{"start":{"line":116,"column":2},"end":{"line":116,"column":8}},"loc":{"start":{"line":116,"column":47},"end":{"line":130,"column":null}}},"7":{"name":"(anonymous_25)","decl":{"start":{"line":126,"column":25},"end":{"line":126,"column":26}},"loc":{"start":{"line":126,"column":33},"end":{"line":127,"column":10}}},"8":{"name":"(anonymous_26)","decl":{"start":{"line":132,"column":2},"end":{"line":132,"column":8}},"loc":{"start":{"line":132,"column":68},"end":{"line":165,"column":null}}}},"branchMap":{"0":{"loc":{"start":{"line":23,"column":20},"end":{"line":23,"column":117}},"type":"cond-expr","locations":[{"start":{"line":23,"column":30},"end":{"line":23,"column":100}},{"start":{"line":23,"column":103},"end":{"line":23,"column":117}}]},"1":{"loc":{"start":{"line":28,"column":4},"end":{"line":30,"column":null}},"type":"if","locations":[{"start":{"line":28,"column":4},"end":{"line":30,"column":null}}]},"2":{"loc":{"start":{"line":33,"column":29},"end":{"line":33,"column":null}},"type":"if","locations":[{"start":{"line":33,"column":29},"end":{"line":33,"column":null}}]},"3":{"loc":{"start":{"line":34,"column":4},"end":{"line":34,"column":44}},"type":"if","locations":[{"start":{"line":34,"column":4},"end":{"line":34,"column":44}}]},"4":{"loc":{"start":{"line":36,"column":8},"end":{"line":36,"column":17}},"type":"if","locations":[{"start":{"line":36,"column":8},"end":{"line":36,"column":17}}]},"5":{"loc":{"start":{"line":39,"column":6},"end":{"line":45,"column":null}},"type":"if","locations":[{"start":{"line":39,"column":6},"end":{"line":45,"column":null}},{"start":{"line":42,"column":13},"end":{"line":45,"column":null}}]},"6":{"loc":{"start":{"line":39,"column":10},"end":{"line":39,"column":46}},"type":"binary-expr","locations":[{"start":{"line":39,"column":10},"end":{"line":39,"column":19}},{"start":{"line":39,"column":23},"end":{"line":39,"column":46}}]},"7":{"loc":{"start":{"line":53,"column":6},"end":{"line":59,"column":null}},"type":"if","locations":[{"start":{"line":53,"column":6},"end":{"line":59,"column":null}},{"start":{"line":56,"column":13},"end":{"line":59,"column":null}}]},"8":{"loc":{"start":{"line":53,"column":10},"end":{"line":53,"column":52}},"type":"binary-expr","locations":[{"start":{"line":53,"column":10},"end":{"line":53,"column":22}},{"start":{"line":53,"column":26},"end":{"line":53,"column":52}}]},"9":{"loc":{"start":{"line":69,"column":20},"end":{"line":69,"column":115}},"type":"cond-expr","locations":[{"start":{"line":69,"column":30},"end":{"line":69,"column":99}},{"start":{"line":69,"column":102},"end":{"line":69,"column":115}}]},"10":{"loc":{"start":{"line":71,"column":4},"end":{"line":73,"column":null}},"type":"if","locations":[{"start":{"line":71,"column":4},"end":{"line":73,"column":null}}]},"11":{"loc":{"start":{"line":76,"column":41},"end":{"line":76,"column":100}},"type":"binary-expr","locations":[{"start":{"line":76,"column":41},"end":{"line":76,"column":69}},{"start":{"line":76,"column":73},"end":{"line":76,"column":100}}]},"12":{"loc":{"start":{"line":79,"column":4},"end":{"line":89,"column":null}},"type":"if","locations":[{"start":{"line":79,"column":4},"end":{"line":89,"column":null}},{"start":{"line":84,"column":11},"end":{"line":89,"column":null}}]},"13":{"loc":{"start":{"line":95,"column":4},"end":{"line":97,"column":null}},"type":"if","locations":[{"start":{"line":95,"column":4},"end":{"line":97,"column":null}}]},"14":{"loc":{"start":{"line":99,"column":4},"end":{"line":101,"column":null}},"type":"if","locations":[{"start":{"line":99,"column":4},"end":{"line":101,"column":null}}]},"15":{"loc":{"start":{"line":103,"column":4},"end":{"line":111,"column":null}},"type":"if","locations":[{"start":{"line":103,"column":4},"end":{"line":111,"column":null}},{"start":{"line":107,"column":11},"end":{"line":111,"column":null}}]},"16":{"loc":{"start":{"line":104,"column":6},"end":{"line":106,"column":null}},"type":"if","locations":[{"start":{"line":104,"column":6},"end":{"line":106,"column":null}}]},"17":{"loc":{"start":{"line":108,"column":6},"end":{"line":110,"column":null}},"type":"if","locations":[{"start":{"line":108,"column":6},"end":{"line":110,"column":null}}]},"18":{"loc":{"start":{"line":116,"column":19},"end":{"line":116,"column":null}},"type":"if","locations":[{"start":{"line":116,"column":19},"end":{"line":116,"column":null}}]},"19":{"loc":{"start":{"line":117,"column":4},"end":{"line":117,"column":44}},"type":"if","locations":[{"start":{"line":117,"column":4},"end":{"line":117,"column":44}}]},"20":{"loc":{"start":{"line":120,"column":4},"end":{"line":129,"column":null}},"type":"if","locations":[{"start":{"line":120,"column":4},"end":{"line":129,"column":null}},{"start":{"line":125,"column":11},"end":{"line":129,"column":null}}]},"21":{"loc":{"start":{"line":133,"column":4},"end":{"line":133,"column":44}},"type":"if","locations":[{"start":{"line":133,"column":4},"end":{"line":133,"column":44}}]},"22":{"loc":{"start":{"line":138,"column":4},"end":{"line":150,"column":null}},"type":"if","locations":[{"start":{"line":138,"column":4},"end":{"line":150,"column":null}},{"start":{"line":143,"column":11},"end":{"line":150,"column":null}}]},"23":{"loc":{"start":{"line":143,"column":11},"end":{"line":150,"column":null}},"type":"if","locations":[{"start":{"line":143,"column":11},"end":{"line":150,"column":null}}]},"24":{"loc":{"start":{"line":143,"column":15},"end":{"line":143,"column":78}},"type":"binary-expr","locations":[{"start":{"line":143,"column":15},"end":{"line":143,"column":50}},{"start":{"line":143,"column":54},"end":{"line":143,"column":78}}]},"25":{"loc":{"start":{"line":144,"column":6},"end":{"line":146,"column":null}},"type":"if","locations":[{"start":{"line":144,"column":6},"end":{"line":146,"column":null}}]},"26":{"loc":{"start":{"line":147,"column":6},"end":{"line":149,"column":null}},"type":"if","locations":[{"start":{"line":147,"column":6},"end":{"line":149,"column":null}}]},"27":{"loc":{"start":{"line":154,"column":4},"end":{"line":164,"column":null}},"type":"if","locations":[{"start":{"line":154,"column":4},"end":{"line":164,"column":null}},{"start":{"line":161,"column":11},"end":{"line":164,"column":null}}]}},"s":{"0":0,"1":0,"2":0,"3":0,"4":0,"5":0,"6":0,"7":0,"8":0,"9":0,"10":0,"11":0,"12":0,"13":0,"14":0,"15":0,"16":0,"17":0,"18":0,"19":0,"20":0,"21":0,"22":0,"23":0,"24":0,"25":0,"26":0,"27":0,"28":0,"29":0,"30":0,"31":0,"32":0,"33":0,"34":0,"35":0,"36":0,"37":0,"38":0,"39":0,"40":0,"41":0,"42":0,"43":0,"44":0,"45":0,"46":0,"47":0,"48":0,"49":0,"50":0,"51":0,"52":0,"53":0,"54":0,"55":0,"56":0,"57":0,"58":0,"59":0,"60":0,"61":0,"62":0,"63":0,"64":0,"65":0,"66":0,"67":0,"68":0,"69":0,"70":0,"71":0,"72":0,"73":0,"74":0,"75":0,"76":0,"77":0,"78":0,"79":0,"80":0,"81":0,"82":0,"83":0,"84":0,"85":0,"86":0,"87":0,"88":0,"89":0,"90":0,"91":0,"92":0,"93":0,"94":0,"95":0,"96":0,"97":0,"98":0,"99":0,"100":0},"f":{"0":0,"1":0,"2":0,"3":0,"4":0,"5":0,"6":0,"7":0,"8":0},"b":{"0":[0,0],"1":[0],"2":[0],"3":[0],"4":[0],"5":[0,0],"6":[0,0],"7":[0,0],"8":[0,0],"9":[0,0],"10":[0],"11":[0,0],"12":[0,0],"13":[0],"14":[0],"15":[0,0],"16":[0],"17":[0],"18":[0],"19":[0],"20":[0,0],"21":[0],"22":[0,0],"23":[0],"24":[0,0],"25":[0],"26":[0],"27":[0,0]}}
,"/Users/apple/Desktop/Projects/QRinsight/qr-code-styling-custom/src/core/QROptions.ts": {"path":"/Users/apple/Desktop/Projects/QRinsight/qr-code-styling-custom/src/core/QROptions.ts","statementMap":{"0":{"start":{"line":1,"column":0},"end":{"line":1,"column":43}},"1":{"start":{"line":2,"column":0},"end":{"line":2,"column":47}},"2":{"start":{"line":3,"column":0},"end":{"line":3,"column":71}},"3":{"start":{"line":34,"column":40},"end":{"line":58,"column":2}},"4":{"start":{"line":60,"column":0},"end":{"line":60,"column":30}}},"fnMap":{},"branchMap":{},"s":{"0":0,"1":0,"2":0,"3":0,"4":0},"f":{},"b":{}}
,"/Users/apple/Desktop/Projects/QRinsight/qr-code-styling-custom/src/core/QRSVG.ts": {"path":"/Users/apple/Desktop/Projects/QRinsight/qr-code-styling-custom/src/core/QRSVG.ts","statementMap":{"0":{"start":{"line":1,"column":0},"end":{"line":1,"column":61}},"1":{"start":{"line":2,"column":0},"end":{"line":2,"column":75}},"2":{"start":{"line":3,"column":0},"end":{"line":3,"column":45}},"3":{"start":{"line":4,"column":0},"end":{"line":4,"column":72}},"4":{"start":{"line":5,"column":0},"end":{"line":5,"column":63}},"5":{"start":{"line":7,"column":0},"end":{"line":7,"column":55}},"6":{"start":{"line":10,"column":19},"end":{"line":18,"column":2}},"7":{"start":{"line":20,"column":16},"end":{"line":28,"column":2}},"8":{"start":{"line":30,"column":0},"end":{"line":30,"column":null}},"9":{"start":{"line":42,"column":4},"end":{"line":42,"column":82}},"10":{"start":{"line":43,"column":4},"end":{"line":43,"column":63}},"11":{"start":{"line":44,"column":4},"end":{"line":44,"column":65}},"12":{"start":{"line":45,"column":4},"end":{"line":45,"column":80}},"13":{"start":{"line":46,"column":4},"end":{"line":46,"column":42}},"14":{"start":{"line":48,"column":4},"end":{"line":48,"column":28}},"15":{"start":{"line":51,"column":2},"end":{"line":53,"column":null}},"16":{"start":{"line":52,"column":4},"end":{"line":52,"column":31}},"17":{"start":{"line":55,"column":2},"end":{"line":57,"column":null}},"18":{"start":{"line":56,"column":4},"end":{"line":56,"column":32}},"19":{"start":{"line":59,"column":2},"end":{"line":61,"column":null}},"20":{"start":{"line":60,"column":4},"end":{"line":60,"column":25}},"21":{"start":{"line":63,"column":2},"end":{"line":69,"column":null}},"22":{"start":{"line":64,"column":23},"end":{"line":64,"column":36}},"23":{"start":{"line":65,"column":4},"end":{"line":65,"column":62}},"24":{"start":{"line":66,"column":4},"end":{"line":66,"column":68}},"25":{"start":{"line":67,"column":4},"end":{"line":67,"column":80}},"26":{"start":{"line":68,"column":4},"end":{"line":68,"column":42}},"27":{"start":{"line":71,"column":8},"end":{"line":130,"column":null}},"28":{"start":{"line":72,"column":10},"end":{"line":72,"column":38}},"29":{"start":{"line":73,"column":10},"end":{"line":73,"column":99}},"30":{"start":{"line":74,"column":10},"end":{"line":74,"column":48}},"31":{"start":{"line":75,"column":8},"end":{"line":80,"column":6}},"32":{"start":{"line":82,"column":4},"end":{"line":82,"column":18}},"33":{"start":{"line":84,"column":8},"end":{"line":84,"column":12}},"34":{"start":{"line":86,"column":6},"end":{"line":86,"column":29}},"35":{"start":{"line":87,"column":6},"end":{"line":87,"column":31}},"36":{"start":{"line":87,"column":24},"end":{"line":87,"column":31}},"37":{"start":{"line":88,"column":12},"end":{"line":88,"column":42}},"38":{"start":{"line":89,"column":12},"end":{"line":89,"column":106}},"39":{"start":{"line":90,"column":12},"end":{"line":90,"column":67}},"40":{"start":{"line":92,"column":6},"end":{"line":98,"column":9}},"41":{"start":{"line":101,"column":4},"end":{"line":101,"column":17}},"42":{"start":{"line":102,"column":4},"end":{"line":102,"column":26}},"43":{"start":{"line":103,"column":4},"end":{"line":124,"column":7}},"44":{"start":{"line":104,"column":6},"end":{"line":113,"column":null}},"45":{"start":{"line":105,"column":8},"end":{"line":112,"column":null}},"46":{"start":{"line":111,"column":10},"end":{"line":111,"column":23}},"47":{"start":{"line":115,"column":6},"end":{"line":117,"column":null}},"48":{"start":{"line":116,"column":8},"end":{"line":116,"column":21}},"49":{"start":{"line":119,"column":6},"end":{"line":121,"column":null}},"50":{"start":{"line":120,"column":8},"end":{"line":120,"column":21}},"51":{"start":{"line":123,"column":6},"end":{"line":123,"column":18}},"52":{"start":{"line":125,"column":4},"end":{"line":125,"column":23}},"53":{"start":{"line":127,"column":4},"end":{"line":129,"column":null}},"54":{"start":{"line":128,"column":6},"end":{"line":128,"column":99}},"55":{"start":{"line":132,"column":2},"end":{"line":153,"column":null}},"56":{"start":{"line":133,"column":20},"end":{"line":133,"column":33}},"57":{"start":{"line":134,"column":20},"end":{"line":134,"column":33}},"58":{"start":{"line":136,"column":4},"end":{"line":152,"column":null}},"59":{"start":{"line":137,"column":30},"end":{"line":137,"column":65}},"60":{"start":{"line":138,"column":20},"end":{"line":138,"column":52}},"61":{"start":{"line":140,"column":6},"end":{"line":151,"column":null}},"62":{"start":{"line":141,"column":8},"end":{"line":150,"column":11}},"63":{"start":{"line":155,"column":2},"end":{"line":213,"column":null}},"64":{"start":{"line":155,"column":2},"end":{"line":155,"column":10}},"65":{"start":{"line":156,"column":4},"end":{"line":158,"column":null}},"66":{"start":{"line":157,"column":6},"end":{"line":157,"column":37}},"67":{"start":{"line":160,"column":20},"end":{"line":160,"column":33}},"68":{"start":{"line":161,"column":18},"end":{"line":161,"column":43}},"69":{"start":{"line":163,"column":4},"end":{"line":165,"column":null}},"70":{"start":{"line":164,"column":6},"end":{"line":164,"column":39}},"71":{"start":{"line":167,"column":20},"end":{"line":167,"column":80}},"72":{"start":{"line":168,"column":20},"end":{"line":168,"column":47}},"73":{"start":{"line":169,"column":23},"end":{"line":169,"column":72}},"74":{"start":{"line":170,"column":23},"end":{"line":170,"column":73}},"75":{"start":{"line":171,"column":16},"end":{"line":171,"column":81}},"76":{"start":{"line":173,"column":4},"end":{"line":173,"column":92}},"77":{"start":{"line":174,"column":4},"end":{"line":174,"column":65}},"78":{"start":{"line":175,"column":4},"end":{"line":175,"column":47}},"79":{"start":{"line":177,"column":4},"end":{"line":186,"column":7}},"80":{"start":{"line":190,"column":8},"end":{"line":192,"column":null}},"81":{"start":{"line":193,"column":8},"end":{"line":195,"column":null}},"82":{"start":{"line":197,"column":8},"end":{"line":206,"column":10}},"83":{"start":{"line":202,"column":12},"end":{"line":202,"column":113}},"84":{"start":{"line":202,"column":100},"end":{"line":202,"column":113}},"85":{"start":{"line":203,"column":12},"end":{"line":203,"column":74}},"86":{"start":{"line":203,"column":61},"end":{"line":203,"column":74}},"87":{"start":{"line":204,"column":12},"end":{"line":204,"column":75}},"88":{"start":{"line":208,"column":8},"end":{"line":210,"column":null}},"89":{"start":{"line":209,"column":10},"end":{"line":209,"column":55}},"90":{"start":{"line":189,"column":6},"end":{"line":211,"column":null}},"91":{"start":{"line":189,"column":19},"end":{"line":189,"column":20}},"92":{"start":{"line":189,"column":15},"end":{"line":189,"column":19}},"93":{"start":{"line":188,"column":4},"end":{"line":212,"column":null}},"94":{"start":{"line":188,"column":17},"end":{"line":188,"column":18}},"95":{"start":{"line":188,"column":13},"end":{"line":188,"column":17}},"96":{"start":{"line":215,"column":2},"end":{"line":343,"column":null}},"97":{"start":{"line":215,"column":2},"end":{"line":215,"column":13}},"98":{"start":{"line":216,"column":4},"end":{"line":218,"column":null}},"99":{"start":{"line":217,"column":6},"end":{"line":217,"column":37}},"100":{"start":{"line":220,"column":20},"end":{"line":220,"column":33}},"101":{"start":{"line":221,"column":20},"end":{"line":221,"column":33}},"102":{"start":{"line":223,"column":4},"end":{"line":225,"column":null}},"103":{"start":{"line":224,"column":6},"end":{"line":224,"column":42}},"104":{"start":{"line":227,"column":18},"end":{"line":227,"column":43}},"105":{"start":{"line":228,"column":20},"end":{"line":228,"column":80}},"106":{"start":{"line":229,"column":20},"end":{"line":229,"column":47}},"107":{"start":{"line":230,"column":30},"end":{"line":230,"column":41}},"108":{"start":{"line":231,"column":27},"end":{"line":231,"column":38}},"109":{"start":{"line":232,"column":23},"end":{"line":232,"column":72}},"110":{"start":{"line":233,"column":23},"end":{"line":233,"column":73}},"111":{"start":{"line":235,"column":4},"end":{"line":342,"column":7}},"112":{"start":{"line":239,"column":22},"end":{"line":239,"column":24}},"113":{"start":{"line":239,"column":27},"end":{"line":239,"column":29}},"114":{"start":{"line":239,"column":37},"end":{"line":239,"column":38}},"115":{"start":{"line":240,"column":16},"end":{"line":240,"column":59}},"116":{"start":{"line":241,"column":16},"end":{"line":241,"column":56}},"117":{"start":{"line":242,"column":34},"end":{"line":242,"column":52}},"118":{"start":{"line":243,"column":31},"end":{"line":243,"column":49}},"119":{"start":{"line":245,"column":6},"end":{"line":261,"column":null}},"120":{"start":{"line":246,"column":8},"end":{"line":246,"column":99}},"121":{"start":{"line":247,"column":8},"end":{"line":247,"column":100}},"122":{"start":{"line":248,"column":8},"end":{"line":248,"column":54}},"123":{"start":{"line":249,"column":8},"end":{"line":249,"column":108}},"124":{"start":{"line":251,"column":8},"end":{"line":260,"column":11}},"125":{"start":{"line":263,"column":6},"end":{"line":292,"column":null}},"126":{"start":{"line":264,"column":30},"end":{"line":264,"column":113}},"127":{"start":{"line":266,"column":8},"end":{"line":266,"column":62}},"128":{"start":{"line":268,"column":8},"end":{"line":270,"column":null}},"129":{"start":{"line":269,"column":10},"end":{"line":269,"column":68}},"130":{"start":{"line":272,"column":20},"end":{"line":272,"column":85}},"131":{"start":{"line":276,"column":12},"end":{"line":278,"column":null}},"132":{"start":{"line":280,"column":12},"end":{"line":285,"column":14}},"133":{"start":{"line":284,"column":61},"end":{"line":284,"column":null}},"134":{"start":{"line":287,"column":12},"end":{"line":289,"column":null}},"135":{"start":{"line":288,"column":14},"end":{"line":288,"column":62}},"136":{"start":{"line":275,"column":10},"end":{"line":290,"column":null}},"137":{"start":{"line":275,"column":23},"end":{"line":275,"column":24}},"138":{"start":{"line":275,"column":19},"end":{"line":275,"column":23}},"139":{"start":{"line":274,"column":8},"end":{"line":291,"column":null}},"140":{"start":{"line":274,"column":21},"end":{"line":274,"column":22}},"141":{"start":{"line":274,"column":17},"end":{"line":274,"column":21}},"142":{"start":{"line":294,"column":6},"end":{"line":310,"column":null}},"143":{"start":{"line":295,"column":8},"end":{"line":295,"column":96}},"144":{"start":{"line":296,"column":8},"end":{"line":296,"column":94}},"145":{"start":{"line":297,"column":8},"end":{"line":297,"column":51}},"146":{"start":{"line":298,"column":8},"end":{"line":298,"column":54}},"147":{"start":{"line":300,"column":8},"end":{"line":309,"column":11}},"148":{"start":{"line":312,"column":6},"end":{"line":341,"column":null}},"149":{"start":{"line":313,"column":27},"end":{"line":313,"column":104}},"150":{"start":{"line":315,"column":8},"end":{"line":315,"column":84}},"151":{"start":{"line":317,"column":8},"end":{"line":319,"column":null}},"152":{"start":{"line":318,"column":10},"end":{"line":318,"column":62}},"153":{"start":{"line":321,"column":20},"end":{"line":321,"column":85}},"154":{"start":{"line":325,"column":12},"end":{"line":327,"column":null}},"155":{"start":{"line":329,"column":12},"end":{"line":334,"column":14}},"156":{"start":{"line":333,"column":61},"end":{"line":333,"column":null}},"157":{"start":{"line":336,"column":12},"end":{"line":338,"column":null}},"158":{"start":{"line":337,"column":14},"end":{"line":337,"column":59}},"159":{"start":{"line":324,"column":10},"end":{"line":339,"column":null}},"160":{"start":{"line":324,"column":23},"end":{"line":324,"column":24}},"161":{"start":{"line":324,"column":19},"end":{"line":324,"column":23}},"162":{"start":{"line":323,"column":8},"end":{"line":340,"column":null}},"163":{"start":{"line":323,"column":21},"end":{"line":323,"column":22}},"164":{"start":{"line":323,"column":17},"end":{"line":323,"column":21}},"165":{"start":{"line":345,"column":2},"end":{"line":364,"column":null}},"166":{"start":{"line":345,"column":2},"end":{"line":345,"column":11}},"167":{"start":{"line":346,"column":4},"end":{"line":363,"column":7}},"168":{"start":{"line":347,"column":22},"end":{"line":347,"column":35}},"16
[...]
2},"end":{"line":294,"column":63}}]},"53":{"loc":{"start":{"line":298,"column":4},"end":{"line":301,"column":null}},"type":"if","locations":[{"start":{"line":298,"column":4},"end":{"line":301,"column":null}}]},"54":{"loc":{"start":{"line":303,"column":4},"end":{"line":306,"column":null}},"type":"if","locations":[{"start":{"line":303,"column":4},"end":{"line":306,"column":null}}]},"55":{"loc":{"start":{"line":303,"column":8},"end":{"line":303,"column":37}},"type":"binary-expr","locations":[{"start":{"line":303,"column":8},"end":{"line":303,"column":21}},{"start":{"line":303,"column":25},"end":{"line":303,"column":37}}]},"56":{"loc":{"start":{"line":308,"column":4},"end":{"line":311,"column":null}},"type":"if","locations":[{"start":{"line":308,"column":4},"end":{"line":311,"column":null}}]},"57":{"loc":{"start":{"line":308,"column":8},"end":{"line":308,"column":41}},"type":"binary-expr","locations":[{"start":{"line":308,"column":8},"end":{"line":308,"column":22}},{"start":{"line":308,"column":26},"end":{"line":308,"column":41}}]}},"s":{"0":0,"1":0,"2":0,"3":0,"4":0,"5":0,"6":0,"7":0,"8":0,"9":0,"10":0,"11":0,"12":0,"13":0,"14":0,"15":0,"16":0,"17":0,"18":0,"19":0,"20":0,"21":0,"22":0,"23":0,"24":0,"25":0,"26":0,"27":0,"28":0,"29":0,"30":0,"31":0,"32":0,"33":0,"34":0,"35":0,"36":0,"37":0,"38":0,"39":0,"40":0,"41":0,"42":0,"43":0,"44":0,"45":0,"46":0,"47":0,"48":0,"49":0,"50":0,"51":0,"52":0,"53":0,"54":0,"55":0,"56":0,"57":0,"58":0,"59":0,"60":0,"61":0,"62":0,"63":0,"64":0,"65":0,"66":0,"67":0,"68":0,"69":0,"70":0,"71":0,"72":0,"73":0,"74":0,"75":0,"76":0,"77":0,"78":0,"79":0,"80":0,"81":0,"82":0,"83":0,"84":0,"85":0,"86":0,"87":0,"88":0,"89":0,"90":0,"91":0,"92":0,"93":0,"94":0,"95":0,"96":0,"97":0,"98":0,"99":0,"100":0,"101":0,"102":0,"103":0,"104":0,"105":0,"106":0,"107":0,"108":0,"109":0,"110":0,"111":0,"112":0,"113":0,"114":0,"115":0,"116":0,"117":0,"118":0,"119":0,"120":0,"121":0,"122":0,"123":0,"124":0,"125":0,"126":0,"127":0,"128":0,"129":0,"130":0,"131":0,"132":0,"133":0,"134":0,"135":0,"136":0,"137":0,"138":0,"139":0,"140":0,"141":0,"142":0,"143":0,"144":0,"145":0,"146":0,"147":0,"148":0,"149":0,"150":0,"151":0,"152":0,"153":0,"154":0,"155":0,"156":0,"157":0,"158":0,"159":0,"160":0,"161":0,"162":0,"163":0,"164":0,"165":0,"166":0,"167":0,"168":0,"169":0,"170":0,"171":0,"172":0,"173":0,"174":0,"175":0,"176":0,"177":0,"178":0,"179":0,"180":0,"181":0,"182":0,"183":0,"184":0,"185":0,"186":0,"187":0,"188":0,"189":0,"190":0,"191":0,"192":0,"193":0,"194":0,"195":0},"f":{"0":0,"1":0,"2":0,"3":0,"4":0,"5":0,"6":0,"7":0,"8":0,"9":0,"10":0,"11":0,"12":0,"13":0,"14":0,"15":0,"16":0,"17":0,"18":0,"19":0,"20":0,"21":0},"b":{"0":[0,0,0,0,0,0,0],"1":[0,0],"2":[0,0],"3":[0,0],"4":[0,0],"5":[0,0],"6":[0,0],"7":[0,0],"8":[0],"9":[0],"10":[0,0,0,0,0],"11":[0],"12":[0,0],"13":[0,0],"14":[0,0],"15":[0,0],"16":[0],"17":[0,0],"18":[0],"19":[0,0],"20":[0,0],"21":[0],"22":[0,0],"23":[0,0],"24":[0,0],"25":[0,0],"26":[0],"27":[0],"28":[0,0,0,0,0],"29":[0],"30":[0,0],"31":[0,0],"32":[0,0],"33":[0,0],"34":[0],"35":[0,0],"36":[0],"37":[0,0],"38":[0,0],"39":[0],"40":[0,0],"41":[0,0],"42":[0,0],"43":[0,0],"44":[0],"45":[0],"46":[0,0],"47":[0],"48":[0,0],"49":[0,0],"50":[0,0],"51":[0,0],"52":[0,0],"53":[0],"54":[0],"55":[0,0],"56":[0],"57":[0,0]}}
,"/Users/apple/Desktop/Projects/QRinsight/qr-code-styling-custom/src/tools/calculateImageSize.ts": {"path":"/Users/apple/Desktop/Projects/QRinsight/qr-code-styling-custom/src/tools/calculateImageSize.ts","statementMap":{"0":{"start":{"line":17,"column":16},"end":{"line":17,"column":null}},"1":{"start":{"line":18,"column":15},"end":{"line":18,"column":null}},"2":{"start":{"line":19,"column":15},"end":{"line":19,"column":null}},"3":{"start":{"line":20,"column":19},"end":{"line":20,"column":null}},"4":{"start":{"line":21,"column":9},"end":{"line":21,"column":null}},"5":{"start":{"line":23,"column":19},"end":{"line":23,"column":33}},"6":{"start":{"line":24,"column":20},"end":{"line":24,"column":34}},"7":{"start":{"line":26,"column":2},"end":{"line":33,"column":null}},"8":{"start":{"line":27,"column":4},"end":{"line":32,"column":6}},"9":{"start":{"line":35,"column":12},"end":{"line":35,"column":42}},"10":{"start":{"line":38,"column":2},"end":{"line":38,"column":56}},"11":{"start":{"line":40,"column":2},"end":{"line":40,"column":38}},"12":{"start":{"line":40,"column":23},"end":{"line":40,"column":38}},"13":{"start":{"line":42,"column":2},"end":{"line":42,"column":90}},"14":{"start":{"line":42,"column":59},"end":{"line":42,"column":90}},"15":{"start":{"line":44,"column":2},"end":{"line":44,"column":41}},"16":{"start":{"line":44,"column":28},"end":{"line":44,"column":41}},"17":{"start":{"line":45,"column":2},"end":{"line":45,"column":37}},"18":{"start":{"line":49,"column":2},"end":{"line":49,"column":59}},"19":{"start":{"line":50,"column":2},"end":{"line":50,"column":44}},"20":{"start":{"line":52,"column":2},"end":{"line":62,"column":null}},"21":{"start":{"line":53,"column":4},"end":{"line":58,"column":null}},"22":{"start":{"line":54,"column":6},"end":{"line":54,"column":37}},"23":{"start":{"line":55,"column":6},"end":{"line":55,"column":45}},"24":{"start":{"line":55,"column":32},"end":{"line":55,"column":45}},"25":{"start":{"line":57,"column":6},"end":{"line":57,"column":22}},"26":{"start":{"line":59,"column":4},"end":{"line":59,"column":39}},"27":{"start":{"line":60,"column":4},"end":{"line":60,"column":61}},"28":{"start":{"line":61,"column":4},"end":{"line":61,"column":46}},"29":{"start":{"line":64,"column":2},"end":{"line":69,"column":4}},"30":{"start":{"line":16,"column":0},"end":{"line":16,"column":24}}},"fnMap":{"0":{"name":"calculateImageSize","decl":{"start":{"line":16,"column":24},"end":{"line":16,"column":42}},"loc":{"start":{"line":22,"column":19},"end":{"line":70,"column":1}}}},"branchMap":{"0":{"loc":{"start":{"line":26,"column":2},"end":{"line":33,"column":null}},"type":"if","locations":[{"start":{"line":26,"column":2},"end":{"line":33,"column":null}}]},"1":{"loc":{"start":{"line":26,"column":6},"end":{"line":26,"column":85}},"type":"binary-expr","locations":[{"start":{"line":26,"column":6},"end":{"line":26,"column":25}},{"start":{"line":26,"column":29},"end":{"line":26,"column":47}},{"start":{"line":26,"column":51},"end":{"line":26,"column":69}},{"start":{"line":26,"column":73},"end":{"line":26,"column":85}}]},"2":{"loc":{"start":{"line":40,"column":2},"end":{"line":40,"column":38}},"type":"if","locations":[{"start":{"line":40,"column":2},"end":{"line":40,"column":38}}]},"3":{"loc":{"start":{"line":42,"column":2},"end":{"line":42,"column":90}},"type":"if","locations":[{"start":{"line":42,"column":2},"end":{"line":42,"column":90}}]},"4":{"loc":{"start":{"line":42,"column":6},"end":{"line":42,"column":57}},"type":"binary-expr","locations":[{"start":{"line":42,"column":6},"end":{"line":42,"column":23}},{"start":{"line":42,"column":27},"end":{"line":42,"column":57}}]},"5":{"loc":{"start":{"line":44,"column":2},"end":{"line":44,"column":41}},"type":"if","locations":[{"start":{"line":44,"column":2},"end":{"line":44,"column":41}}]},"6":{"loc":{"start":{"line":52,"column":2},"end":{"line":62,"column":null}},"type":"if","locations":[{"start":{"line":52,"column":2},"end":{"line":62,"column":null}}]},"7":{"loc":{"start":{"line":52,"column":6},"end":{"line":52,"column":102}},"type":"binary-expr","locations":[{"start":{"line":52,"column":6},"end":{"line":52,"column":45}},{"start":{"line":52,"column":50},"end":{"line":52,"column":67}},{"start":{"line":52,"column":71},"end":{"line":52,"column":101}}]},"8":{"loc":{"start":{"line":53,"column":4},"end":{"line":58,"column":null}},"type":"if","locations":[{"start":{"line":53,"column":4},"end":{"line":58,"column":null}},{"start":{"line":56,"column":11},"end":{"line":58,"column":null}}]},"9":{"loc":{"start":{"line":53,"column":8},"end":{"line":53,"column":59}},"type":"binary-expr","locations":[{"start":{"line":53,"column":8},"end":{"line":53,"column":25}},{"start":{"line":53,"column":29},"end":{"line":53,"column":59}}]},"10":{"loc":{"start":{"line":55,"column":6},"end":{"line":55,"column":45}},"type":"if","locations":[{"start":{"line":55,"column":6},"end":{"line":55,"column":45}}]}},"s":{"0":0,"1":0,"2":0,"3":0,"4":0,"5":0,"6":0,"7":0,"8":0,"9":0,"10":0,"11":0,"12":0,"13":0,"14":0,"15":0,"16":0,"17":0,"18":0,"19":0,"20":0,"21":0,"22":0,"23":0,"24":0,"25":0,"26":0,"27":0,"28":0,"29":0,"30":0},"f":{"0":0},"b":{"0":[0],"1":[0,0,0,0],"2":[0],"3":[0],"4":[0,0],"5":[0],"6":[0],"7":[0,0,0],"8":[0,0],"9":[0,0],"10":[0]}}
,"/Users/apple/Desktop/Projects/QRinsight/qr-code-styling-custom/src/tools/downloadURI.ts": {"path":"/Users/apple/Desktop/Projects/QRinsight/qr-code-styling-custom/src/tools/downloadURI.ts","statementMap":{"0":{"start":{"line":2,"column":15},"end":{"line":2,"column":42}},"1":{"start":{"line":3,"column":2},"end":{"line":3,"column":23}},"2":{"start":{"line":4,"column":2},"end":{"line":4,"column":18}},"3":{"start":{"line":5,"column":2},"end":{"line":5,"column":34}},"4":{"start":{"line":6,"column":2},"end":{"line":6,"column":15}},"5":{"start":{"line":7,"column":2},"end":{"line":7,"column":34}},"6":{"start":{"line":1,"column":0},"end":{"line":1,"column":24}}},"fnMap":{"0":{"name":"downloadURI","decl":{"start":{"line":1,"column":24},"end":{"line":1,"column":35}},"loc":{"start":{"line":1,"column":61},"end":{"line":8,"column":1}}}},"branchMap":{},"s":{"0":0,"1":0,"2":0,"3":0,"4":0,"5":0,"6":0},"f":{"0":0},"b":{}}
,"/Users/apple/Desktop/Projects/QRinsight/qr-code-styling-custom/src/tools/getMode.ts": {"path":"/Users/apple/Desktop/Projects/QRinsight/qr-code-styling-custom/src/tools/getMode.ts","statementMap":{"0":{"start":{"line":1,"column":0},"end":{"line":1,"column":39}},"1":{"start":{"line":5,"column":2},"end":{"line":12,"column":null}},"2":{"start":{"line":7,"column":6},"end":{"line":7,"column":27}},"3":{"start":{"line":9,"column":6},"end":{"line":9,"column":32}},"4":{"start":{"line":11,"column":6},"end":{"line":11,"column":24}},"5":{"start":{"line":4,"column":0},"end":{"line":4,"column":24}}},"fnMap":{"0":{"name":"getMode","decl":{"start":{"line":4,"column":24},"end":{"line":4,"column":31}},"loc":{"start":{"line":4,"column":44},"end":{"line":13,"column":1}}}},"branchMap":{"0":{"loc":{"start":{"line":5,"column":2},"end":{"line":12,"column":null}},"type":"switch","locations":[{"start":{"line":6,"column":4},"end":{"line":7,"column":27}},{"start":{"line":8,"column":4},"end":{"line":9,"column":32}},{"start":{"line":10,"column":4},"end":{"line":11,"column":24}}]}},"s":{"0":0,"1":0,"2":0,"3":0,"4":0,"5":0},"f":{"0":0},"b":{"0":[0,0,0]}}
,"/Users/apple/Desktop/Projects/QRinsight/qr-code-styling-custom/src/tools/merge.ts": {"path":"/Users/apple/Desktop/Projects/QRinsight/qr-code-styling-custom/src/tools/merge.ts","statementMap":{"0":{"start":{"line":3,"column":17},"end":{"line":3,"column":61}},"1":{"start":{"line":3,"column":60},"end":{"line":3,"column":116}},"2":{"start":{"line":5,"column":57},"end":{"line":5,"column":84}},"3":{"start":{"line":6,"column":2},"end":{"line":6,"column":37}},"4":{"start":{"line":6,"column":23},"end":{"line":6,"column":37}},"5":{"start":{"line":7,"column":17},"end":{"line":7,"column":32}},"6":{"start":{"line":8,"column":2},"end":{"line":8,"column":84}},"7":{"start":{"line":8,"column":70},"end":{"line":8,"column":84}},"8":{"start":{"line":9,"column":2},"end":{"line":9,"column":25}},"9":{"start":{"line":10,"column":2},"end":{"line":21,"column":5}},"10":{"start":{"line":11,"column":24},"end":{"line":11,"column":35}},"11":{"start":{"line":12,"column":24},"end":{"line":12,"column":35}},"12":{"start":{"line":14,"column":4},"end":{"line":20,"column":null}},"13":{"start":{"line":15,"column":6},"end":{"line":15,"column":32}},"14":{"start":{"line":16,"column":11},"end":{"line":20,"column":null}},"15":{"start":{"line":17,"column":6},"end":{"line":17,"column":75}},"16":{"start":{"line":19,"column":6},"end":{"line":19,"column":32}},"17":{"start":{"line":23,"column":2},"end":{"line":23,"column":39}},"18":{"start":{"line":5,"column":0},"end":{"line":5,"column":24}}},"fnMap":{"0":{"name":"(anonymous_3)","decl":{"start":{"line":3,"column":17},"end":{"line":3,"column":18}},"loc":{"start":{"line":3,"column":46},"end":{"line":3,"column":61}}},"1":{"name":"mergeDeep","decl":{"start":{"line":5,"column":24},"end":{"line":5,"column":33}},"loc":{"start":{"line":5,"column":55},"end":{"line":24,"column":1}}},"2":{"name":"(anonymous_5)","decl":{"start":{"line":10,"column":30},"end":{"line":10,"column":31}},"loc":{"start":{"line":10,"column":42},"end":{"line":21,"column":3}}}},"branchMap":{"0":{"loc":{"start":{"line":3,"column":60},"end":{"line":3,"column":115}},"type":"binary-expr","locations":[{"start":{"line":3,"column":60},"end":{"line":3,"column":65}},{"start":{"line":3,"column":69},"end":{"line":3,"column":92}},{"start":{"line":3,"column":96},"end":{"line":3,"column":115}}]},"1":{"loc":{"start":{"line":6,"column":2},"end":{"line":6,"column":37}},"type":"if","locations":[{"start":{"line":6,"column":2},"end":{"line":6,"column":37}}]},"2":{"loc":{"start":{"line":8,"column":2},"end":{"line":8,"column":84}},"type":"if","locations":[{"start":{"line":8,"column":2},"end":{"line":8,"column":84}}]},"3":{"loc":{"start":{"line":8,"column":6},"end":{"line":8,"column":68}},"type":"binary-expr","locations":[{"start":{"line":8,"column":6},"end":{"line":8,"column":26}},{"start":{"line":8,"column":30},"end":{"line":8,"column":47}},{"start":{"line":8,"column":51},"end":{"line":8,"column":68}}]},"4":{"loc":{"start":{"line":14,"column":4},"end":{"line":20,"column":null}},"type":"if","locations":[{"start":{"line":14,"column":4},"end":{"line":20,"column":null}},{"start":{"line":16,"column":11},"end":{"line":20,"column":null}}]},"5":{"loc":{"start":{"line":14,"column":8},"end":{"line":14,"column":64}},"type":"binary-expr","locations":[{"start":{"line":14,"column":8},"end":{"line":14,"column":34}},{"start":{"line":14,"column":38},"end":{"line":14,"column":64}}]},"6":{"loc":{"start":{"line":16,"column":11},"end":{"line":20,"column":null}},"type":"if","locations":[{"start":{"line":16,"column":11},"end":{"line":20,"column":null}},{"start":{"line":18,"column":11},"end":{"line":20,"column":null}}]},"7":{"loc":{"start":{"line":16,"column":15},"end":{"line":16,"column":61}},"type":"binary-expr","locations":[{"start":{"line":16,"column":15},"end":{"line":16,"column":36}},{"start":{"line":16,"column":40},"end":{"line":16,"column":61}}]}},"s":{"0":0,"1":0,"2":0,"3":0,"4":0,"5":0,"6":0,"7":0,"8":0,"9":0,"10":0,"11":0,"12":0,"13":0,"14":0,"15":0,"16":0,"17":0,"18":0},"f":{"0":0,"1":0,"2":0},"b":{"0":[0,0,0],"1":[0],"2":[0],"3":[0,0,0],"4":[0,0],"5":[0,0],"6":[0,0],"7":[0,0]}}
,"/Users/apple/Desktop/Projects/QRinsight/qr-code-styling-custom/src/tools/sanitizeOptions.ts": {"path":"/Users/apple/Desktop/Projects/QRinsight/qr-code-styling-custom/src/tools/sanitizeOptions.ts","statementMap":{"0":{"start":{"line":5,"column":19},"end":{"line":5,"column":37}},"1":{"start":{"line":7,"column":2},"end":{"line":9,"column":null}},"2":{"start":{"line":8,"column":4},"end":{"line":8,"column":55}},"3":{"start":{"line":11,"column":2},"end":{"line":15,"column":null}},"4":{"start":{"line":12,"column":4},"end":{"line":12,"column":56}},"5":{"start":{"line":14,"column":4},"end":{"line":14,"column":29}},"6":{"start":{"line":17,"column":2},"end":{"line":20,"column":6}},"7":{"start":{"line":17,"column":104},"end":{"line":20,"column":5}},"8":{"start":{"line":22,"column":2},"end":{"line":22,"column":21}},"9":{"start":{"line":26,"column":18},"end":{"line":26,"column":35}},"10":{"start":{"line":28,"column":2},"end":{"line":28,"column":46}},"11":{"start":{"line":29,"column":2},"end":{"line":29,"column":48}},"12":{"start":{"line":30,"column":2},"end":{"line":30,"column":48}},"13":{"start":{"line":31,"column":2},"end":{"line":36,"column":4}},"14":{"start":{"line":38,"column":2},"end":{"line":40,"column":null}},"15":{"start":{"line":39,"column":4},"end":{"line":39,"column":70}},"16":{"start":{"line":42,"column":2},"end":{"line":44,"column":4}},"17":{"start":{"line":45,"column":2},"end":{"line":47,"column":null}},"18":{"start":{"line":46,"column":4},"end":{"line":46,"column":88}},"19":{"start":{"line":49,"column":2},"end":{"line":56,"column":null}},"20":{"start":{"line":50,"column":4},"end":{"line":52,"column":6}},"21":{"start":{"line":53,"column":4},"end":{"line":55,"column":null}},"22":{"start":{"line":54,"column":6},"end":{"line":54,"column":108}},"23":{"start":{"line":58,"column":2},"end":{"line":65,"column":null}},"24":{"start":{"line":59,"column":4},"end":{"line":61,"column":6}},"25":{"start":{"line":62,"column":4},"end":{"line":64,"column":null}},"26":{"start":{"line":63,"column":6},"end":{"line":63,"column":102}},"27":{"start":{"line":67,"column":2},"end":{"line":74,"column":null}},"28":{"start":{"line":68,"column":4},"end":{"line":70,"column":6}},"29":{"start":{"line":71,"column":4},"end":{"line":73,"column":null}},"30":{"start":{"line":72,"column":6},"end":{"line":72,"column":102}},"31":{"start":{"line":76,"column":2},"end":{"line":76,"column":20}},"32":{"start":{"line":25,"column":0},"end":{"line":25,"column":24}}},"fnMap":{"0":{"name":"sanitizeGradient","decl":{"start":{"line":4,"column":9},"end":{"line":4,"column":25}},"loc":{"start":{"line":4,"column":44},"end":{"line":23,"column":1}}},"1":{"name":"(anonymous_3)","decl":{"start":{"line":17,"column":54},"end":{"line":17,"column":55}},"loc":{"start":{"line":17,"column":99},"end":{"line":17,"column":null}}},"2":{"name":"sanitizeOptions","decl":{"start":{"line":25,"column":24},"end":{"line":25,"column":39}},"loc":{"start":{"line":25,"column":64},"end":{"line":77,"column":1}}}},"branchMap":{"0":{"loc":{"start":{"line":7,"column":2},"end":{"line":9,"column":null}},"type":"if","locations":[{"start":{"line":7,"column":2},"end":{"line":9,"column":null}}]},"1":{"loc":{"start":{"line":7,"column":6},"end":{"line":7,"column":63}},"type":"binary-expr","locations":[{"start":{"line":7,"column":6},"end":{"line":7,"column":29}},{"start":{"line":7,"column":33},"end":{"line":7,"column":63}}]},"2":{"loc":{"start":{"line":11,"column":2},"end":{"line":15,"column":null}},"type":"if","locations":[{"start":{"line":11,"column":2},"end":{"line":15,"column":null}},{"start":{"line":13,"column":9},"end":{"line":15,"column":null}}]},"3":{"loc":{"start":{"line":38,"column":2},"end":{"line":40,"column":null}},"type":"if","locations":[{"start":{"line":38,"column":2},"end":{"line":40,"column":null}}]},"4":{"loc":{"start":{"line":45,"column":2},"end":{"line":47,"column":null}},"type":"if","locations":[{"start":{"line":45,"column":2},"end":{"line":47,"column":null}}]},"5":{"loc":{"start":{"line":49,"column":2},"end":{"line":56,"column":null}},"type":"if","locations":[{"start":{"line":49,"column":2},"end":{"line":56,"column":null}}]},"6":{"loc":{"start":{"line":53,"column":4},"end":{"line":55,"column":null}},"type":"if","locations":[{"start":{"line":53,"column":4},"end":{"line":55,"column":null}}]},"7":{"loc":{"start":{"line":58,"column":2},"end":{"line":65,"column":null}},"type":"if","locations":[{"start":{"line":58,"column":2},"end":{"line":65,"column":null}}]},"8":{"loc":{"start":{"line":62,"column":4},"end":{"line":64,"column":null}},"type":"if","locations":[{"start":{"line":62,"column":4},"end":{"line":64,"column":null}}]},"9":{"loc":{"start":{"line":67,"column":2},"end":{"line":74,"column":null}},"type":"if","locations":[{"start":{"line":67,"column":2},"end":{"line":74,"column":null}}]},"10":{"loc":{"start":{"line":71,"column":4},"end":{"line":73,"column":null}},"type":"if","locations":[{"start":{"line":71,"column":4},"end":{"line":73,"column":null}}]}},"s":{"0":0,"1":0,"2":0,"3":0,"4":0,"5":0,"6":0,"7":0,"8":0,"9":0,"10":0,"11":0,"12":0,"13":0,"14":0,"15":0,"16":0,"17":0,"18":0,"19":0,"20":0,"21":0,"22":0,"23":0,"24":0,"25":0,"26":0,"27":0,"28":0,"29":0,"30":0,"31":0,"32":0},"f":{"0":0,"1":0,"2":0},"b":{"0":[0],"1":[0,0],"2":[0,0],"3":[0],"4":[0],"5":[0],"6":[0],"7":[0],"8":[0],"9":[0],"10":[0]}}
}
