TN:
SF:src/index.ts
FNF:0
FNH:0
DA:1,0
DA:2,0
DA:3,0
DA:4,0
DA:5,0
DA:6,0
DA:7,0
DA:8,0
DA:9,0
DA:11,0
DA:14,0
DA:15,0
DA:16,0
DA:17,0
DA:18,0
DA:19,0
DA:20,0
DA:21,0
DA:24,0
LF:19
LH:0
BRF:0
BRH:0
end_of_record
TN:
SF:src/constants/cornerDotTypes.ts
FNF:0
FNH:0
DA:3,0
LF:1
LH:0
BRF:0
BRH:0
end_of_record
TN:
SF:src/constants/cornerSquareTypes.ts
FNF:0
FNH:0
DA:3,0
LF:1
LH:0
BRF:0
BRH:0
end_of_record
TN:
SF:src/constants/dotTypes.ts
FNF:0
FNH:0
DA:3,0
LF:1
LH:0
BRF:0
BRH:0
end_of_record
TN:
SF:src/constants/drawTypes.ts
FNF:0
FNH:0
DA:3,0
LF:1
LH:0
BRF:0
BRH:0
end_of_record
TN:
SF:src/constants/errorCorrectionLevels.ts
FNF:0
FNH:0
DA:7,0
LF:1
LH:0
BRF:0
BRH:0
end_of_record
TN:
SF:src/constants/errorCorrectionPercents.ts
FNF:0
FNH:0
DA:5,0
LF:1
LH:0
BRF:0
BRH:0
end_of_record
TN:
SF:src/constants/gradientTypes.ts
FNF:0
FNH:0
DA:3,0
LF:1
LH:0
BRF:0
BRH:0
end_of_record
TN:
SF:src/constants/modes.ts
FNF:0
FNH:0
DA:7,0
LF:1
LH:0
BRF:0
BRH:0
end_of_record
TN:
SF:src/constants/qrTypes.ts
FNF:0
FNH:0
DA:7,0
DA:9,0
DA:10,0
DA:22,0
LF:4
LH:0
BRF:0
BRH:0
end_of_record
TN:
SF:src/core/QRCanvas.ts
FN:30,(anonymous_14)
FN:37,QRCanvas
FN:44,(anonymous_16)
FN:48,(anonymous_17)
FN:52,(anonymous_18)
FN:56,(anonymous_19)
FN:60,(anonymous_20)
FN:68,(anonymous_21)
FN:99,(anonymous_24)
FN:128,(anonymous_25)
FN:144,(anonymous_26)
FN:156,(anonymous_27)
FN:194,(anonymous_30)
FN:214,(anonymous_31)
FN:226,(anonymous_32)
FN:251,(anonymous_33)
FN:279,(anonymous_36)
FN:296,(anonymous_37)
FN:327,(anonymous_40)
FN:344,(anonymous_41)
FN:357,(anonymous_42)
FN:358,(anonymous_43)
FN:371,(anonymous_44)
FN:378,(anonymous_45)
FN:410,(anonymous_46)
FNF:25
FNH:0
FNDA:0,(anonymous_14)
FNDA:0,QRCanvas
FNDA:0,(anonymous_16)
FNDA:0,(anonymous_17)
FNDA:0,(anonymous_18)
FNDA:0,(anonymous_19)
FNDA:0,(anonymous_20)
FNDA:0,(anonymous_21)
FNDA:0,(anonymous_24)
FNDA:0,(anonymous_25)
FNDA:0,(anonymous_26)
FNDA:0,(anonymous_27)
FNDA:0,(anonymous_30)
FNDA:0,(anonymous_31)
FNDA:0,(anonymous_32)
FNDA:0,(anonymous_33)
FNDA:0,(anonymous_36)
FNDA:0,(anonymous_37)
FNDA:0,(anonymous_40)
FNDA:0,(anonymous_41)
FNDA:0,(anonymous_42)
FNDA:0,(anonymous_43)
FNDA:0,(anonymous_44)
FNDA:0,(anonymous_45)
FNDA:0,(anonymous_46)
DA:1,0
DA:2,0
DA:3,0
DA:4,0
DA:5,0
DA:7,0
DA:10,0
DA:20,0
DA:30,0
DA:38,0
DA:39,0
DA:40,0
DA:41,0
DA:44,0
DA:45,0
DA:48,0
DA:49,0
DA:52,0
DA:53,0
DA:56,0
DA:57,0
DA:60,0
DA:61,0
DA:63,0
DA:64,0
DA:68,0
DA:69,0
DA:70,0
DA:71,0
DA:72,0
DA:79,0
DA:81,0
DA:82,0
DA:83,0
DA:84,0
DA:85,0
DA:86,0
DA:88,0
DA:97,0
DA:98,0
DA:99,0
DA:100,0
DA:101,0
DA:107,0
DA:111,0
DA:112,0
DA:115,0
DA:116,0
DA:119,0
DA:121,0
DA:123,0
DA:124,0
DA:128,0
DA:129,0
DA:130,0
DA:132,0
DA:133,0
DA:134,0
DA:135,0
DA:144,0
DA:145,0
DA:148,0
DA:149,0
DA:150,0
DA:152,0
DA:156,0
DA:157,0
DA:158,0
DA:161,0
DA:163,0
DA:164,0
DA:167,0
DA:168,0
DA:170,0
DA:171,0
DA:174,0
DA:175,0
DA:176,0
DA:177,0
DA:178,0
DA:180,0
DA:182,0
DA:183,0
DA:184,0
DA:187,0
DA:190,0
DA:195,0
DA:196,0
DA:197,0
DA:203,0
DA:204,0
DA:205,0
DA:214,0
DA:215,0
DA:218,0
DA:219,0
DA:220,0
DA:223,0
DA:226,0
DA:227,0
DA:228,0
DA:231,0
DA:233,0
DA:234,0
DA:237,0
DA:239,0
DA:240,0
DA:241,0
DA:242,0
DA:243,0
DA:244,0
DA:245,0
DA:247,0
DA:251,0
DA:252,0
DA:253,0
DA:256,0
DA:257,0
DA:259,0
DA:260,0
DA:262,0
DA:263,0
DA:265,0
DA:267,0
DA:269,0
DA:270,0
DA:271,0
DA:275,0
DA:279,0
DA:285,0
DA:286,0
DA:287,0
DA:296,0
DA:297,0
DA:300,0
DA:301,0
DA:302,0
DA:305,0
DA:307,0
DA:308,0
DA:310,0
DA:311,0
DA:313,0
DA:315,0
DA:317,0
DA:318,0
DA:319,0
DA:323,0
DA:327,0
DA:333,0
DA:334,0
DA:335,0
DA:344,0
DA:345,0
DA:348,0
DA:349,0
DA:350,0
DA:353,0
DA:357,0
DA:358,0
DA:359,0
DA:360,0
DA:362,0
DA:363,0
DA:366,0
DA:367,0
DA:370,0
DA:371,0
DA:372,0
DA:374,0
DA:378,0
DA:379,0
DA:380,0
DA:381,0
DA:382,0
DA:389,0
DA:391,0
DA:392,0
DA:395,0
DA:396,0
DA:399,0
DA:400,0
DA:401,0
DA:402,0
DA:403,0
DA:404,0
DA:405,0
DA:407,0
DA:410,0
DA:411,0
DA:412,0
DA:413,0
DA:414,0
DA:415,0
DA:416,0
DA:427,0
DA:428,0
DA:430,0
DA:431,0
DA:432,0
DA:433,0
DA:434,0
DA:435,0
DA:437,0
DA:441,0
DA:442,0
DA:443,0
DA:444,0
DA:445,0
DA:446,0
DA:447,0
DA:448,0
DA:449,0
DA:450,0
DA:451,0
DA:452,0
DA:453,0
DA:454,0
DA:455,0
DA:456,0
DA:457,0
DA:458,0
DA:459,0
DA:462,0
DA:465,0
DA:467,0
LF:226
LH:0
BRDA:63,0,0,0
BRDA:81,1,0,0
BRDA:83,2,0,0
BRDA:100,3,0,0
BRDA:101,4,0,0
BRDA:102,5,0,0
BRDA:102,5,1,0
BRDA:102,5,2,0
BRDA:102,5,3,0
BRDA:111,6,0,0
BRDA:111,7,0,0
BRDA:111,7,1,0
BRDA:111,7,2,0
BRDA:111,8,0,0
BRDA:111,8,1,0
BRDA:111,9,0,0
BRDA:111,9,1,0
BRDA:111,10,0,0
BRDA:111,10,1,0
BRDA:111,11,0,0
BRDA:111,11,1,0
BRDA:111,12,0,0
BRDA:111,12,1,0
BRDA:111,13,0,0
BRDA:111,13,1,0
BRDA:115,14,0,0
BRDA:115,15,0,0
BRDA:115,15,1,0
BRDA:115,15,2,0
BRDA:115,16,0,0
BRDA:115,16,1,0
BRDA:115,17,0,0
BRDA:115,17,1,0
BRDA:115,18,0,0
BRDA:115,18,1,0
BRDA:115,19,0,0
BRDA:115,19,1,0
BRDA:115,20,0,0
BRDA:115,20,1,0
BRDA:115,21,0,0
BRDA:115,21,1,0
BRDA:123,22,0,0
BRDA:132,23,0,0
BRDA:133,24,0,0
BRDA:133,24,1,0
BRDA:141,25,0,0
BRDA:141,25,1,0
BRDA:149,26,0,0
BRDA:157,27,0,0
BRDA:163,28,0,0
BRDA:170,29,0,0
BRDA:170,30,0,0
BRDA:170,30,1,0
BRDA:184,31,0,0
BRDA:184,32,0,0
BRDA:184,32,1,0
BRDA:187,33,0,0
BRDA:195,34,0,0
BRDA:195,35,0,0
BRDA:195,35,1,0
BRDA:195,35,2,0
BRDA:195,35,3,0
BRDA:196,36,0,0
BRDA:196,37,0,0
BRDA:196,37,1,0
BRDA:197,38,0,0
BRDA:197,38,1,0
BRDA:203,39,0,0
BRDA:203,39,1,0
BRDA:219,40,0,0
BRDA:227,41,0,0
BRDA:233,42,0,0
BRDA:252,43,0,0
BRDA:252,44,0,0
BRDA:252,44,1,0
BRDA:259,45,0,0
BRDA:259,45,1,0
BRDA:259,46,0,0
BRDA:259,46,1,0
BRDA:259,47,0,0
BRDA:259,47,1,0
BRDA:260,48,0,0
BRDA:260,48,1,0
BRDA:260,49,0,0
BRDA:260,49,1,0
BRDA:271,50,0,0
BRDA:271,51,0,0
BRDA:271,51,1,0
BRDA:271,52,0,0
BRDA:271,52,1,0
BRDA:279,53,0,0
BRDA:279,53,1,0
BRDA:279,54,0,0
BRDA:279,54,1,0
BRDA:285,55,0,0
BRDA:285,55,1,0
BRDA:285,56,0,0
BRDA:285,56,1,0
BRDA:285,57,0,0
BRDA:285,57,1,0
BRDA:301,58,0,0
BRDA:301,59,0,0
BRDA:301,59,1,0
BRDA:301,60,0,0
BRDA:301,60,1,0
BRDA:307,61,0,0
BRDA:307,61,1,0
BRDA:307,62,0,0
BRDA:307,62,1,0
BRDA:307,63,0,0
BRDA:307,63,1,0
BRDA:308,64,0,0
BRDA:308,64,1,0
BRDA:308,65,0,0
BRDA:308,65,1,0
BRDA:319,66,0,0
BRDA:319,67,0,0
BRDA:319,67,1,0
BRDA:319,68,0,0
BRDA:319,68,1,0
BRDA:327,69,0,0
BRDA:327,69,1,0
BRDA:327,70,0,0
BRDA:327,70,1,0
BRDA:333,71,0,0
BRDA:333,71,1,0
BRDA:333,72,0,0
BRDA:333,72,1,0
BRDA:333,73,0,0
BRDA:333,73,1,0
BRDA:349,74,0,0
BRDA:349,75,0,0
BRDA:349,75,1,0
BRDA:349,76,0,0
BRDA:349,76,1,0
BRDA:362,77,0,0
BRDA:366,78,0,0
BRDA:391,79,0,0
BRDA:395,80,0,0
BRDA:407,81,0,0
BRDA:407,81,1,0
BRDA:407,82,0,0
BRDA:407,82,1,0
BRDA:427,83,0,0
BRDA:427,83,1,0
BRDA:430,84,0,0
BRDA:430,84,1,0
BRDA:437,85,0,0
BRDA:437,85,1,0
BRDA:438,86,0,0
BRDA:438,86,1,0
BRDA:438,86,2,0
BRDA:438,86,3,0
BRDA:445,87,0,0
BRDA:445,87,1,0
BRDA:445,88,0,0
BRDA:445,88,1,0
BRDA:450,89,0,0
BRDA:450,89,1,0
BRDA:450,90,0,0
BRDA:450,90,1,0
BRDA:455,91,0,0
BRDA:455,92,0,0
BRDA:455,92,1,0
BRF:164
BRH:0
end_of_record
TN:
SF:src/core/QRCodeStyling.ts
FN:13,(anonymous_14)
FN:22,QRCodeStyling
FN:27,(anonymous_16)
FN:33,(anonymous_17)
FN:67,(anonymous_20)
FN:94,(anonymous_21)
FN:116,(anonymous_22)
FN:126,(anonymous_25)
FN:132,(anonymous_26)
FNF:9
FNH:0
FNDA:0,(anonymous_14)
FNDA:0,QRCodeStyling
FNDA:0,(anonymous_16)
FNDA:0,(anonymous_17)
FNDA:0,(anonymous_20)
FNDA:0,(anonymous_21)
FNDA:0,(anonymous_22)
FNDA:0,(anonymous_25)
FNDA:0,(anonymous_26)
DA:1,0
DA:2,0
DA:3,0
DA:4,0
DA:5,0
DA:6,0
DA:8,0
DA:9,0
DA:11,0
DA:13,0
DA:23,0
DA:24,0
DA:27,0
DA:28,0
DA:29,0
DA:33,0
DA:34,0
DA:36,0
DA:37,0
DA:39,0
DA:40,0
DA:41,0
DA:43,0
DA:44,0
DA:47,0
DA:49,0
DA:51,0
DA:53,0
DA:54,0
DA:55,0
DA:57,0
DA:58,0
DA:61,0
DA:63,0
DA:67,0
DA:68,0
DA:69,0
DA:71,0
DA:72,0
DA:75,0
DA:76,0
DA:77,0
DA:79,0
DA:80,0
DA:81,0
DA:82,0
DA:83,0
DA:85,0
DA:86,0
DA:87,0
DA:88,0
DA:91,0
DA:94,0
DA:95,0
DA:96,0
DA:99,0
DA:100,0
DA:103,0
DA:104,0
DA:105,0
DA:108,0
DA:109,0
DA:113,0
DA:116,0
DA:117,0
DA:118,0
DA:120,0
DA:121,0
DA:122,0
DA:124,0
DA:126,0
DA:127,0
DA:132,0
DA:133,0
DA:134,0
DA:135,0
DA:138,0
DA:139,0
DA:140,0
DA:143,0
DA:144,0
DA:145,0
DA:147,0
DA:148,0
DA:152,0
DA:154,0
DA:155,0
DA:156,0
DA:158,0
DA:159,0
DA:160,0
DA:162,0
DA:163,0
DA:166,0
LF:94
LH:0
BRDA:23,0,0,0
BRDA:23,0,1,0
BRDA:28,1,0,0
BRDA:33,2,0,0
BRDA:34,3,0,0
BRDA:36,4,0,0
BRDA:39,5,0,0
BRDA:39,5,1,0
BRDA:39,6,0,0
BRDA:39,6,1,0
BRDA:53,7,0,0
BRDA:53,7,1,0
BRDA:53,8,0,0
BRDA:53,8,1,0
BRDA:69,9,0,0
BRDA:69,9,1,0
BRDA:71,10,0,0
BRDA:76,11,0,0
BRDA:76,11,1,0
BRDA:79,12,0,0
BRDA:79,12,1,0
BRDA:95,13,0,0
BRDA:99,14,0,0
BRDA:103,15,0,0
BRDA:103,15,1,0
BRDA:104,16,0,0
BRDA:108,17,0,0
BRDA:116,18,0,0
BRDA:117,19,0,0
BRDA:120,20,0,0
BRDA:120,20,1,0
BRDA:133,21,0,0
BRDA:138,22,0,0
BRDA:138,22,1,0
BRDA:143,23,0,0
BRDA:143,24,0,0
BRDA:143,24,1,0
BRDA:144,25,0,0
BRDA:147,26,0,0
BRDA:154,27,0,0
BRDA:154,27,1,0
BRF:41
BRH:0
end_of_record
TN:
SF:src/core/QROptions.ts
FNF:0
FNH:0
DA:1,0
DA:2,0
DA:3,0
DA:34,0
DA:60,0
LF:5
LH:0
BRF:0
BRH:0
end_of_record
TN:
SF:src/core/QRSVG.ts
FN:30,(anonymous_14)
FN:41,QRSVG
FN:51,(anonymous_16)
FN:55,(anonymous_17)
FN:59,(anonymous_18)
FN:63,(anonymous_19)
FN:71,(anonymous_20)
FN:103,(anonymous_23)
FN:132,(anonymous_24)
FN:155,(anonymous_25)
FN:201,(anonymous_28)
FN:215,(anonymous_29)
FN:239,(anonymous_30)
FN:284,(anonymous_33)
FN:333,(anonymous_36)
FN:345,(anonymous_37)
FN:346,(anonymous_38)
FN:359,(anonymous_39)
FN:366,(anonymous_40)
FN:395,(anonymous_41)
FN:475,(anonymous_42)
FNF:21
FNH:0
FNDA:0,(anonymous_14)
FNDA:0,QRSVG
FNDA:0,(anonymous_16)
FNDA:0,(anonymous_17)
FNDA:0,(anonymous_18)
FNDA:0,(anonymous_19)
FNDA:0,(anonymous_20)
FNDA:0,(anonymous_23)
FNDA:0,(anonymous_24)
FNDA:0,(anonymous_25)
FNDA:0,(anonymous_28)
FNDA:0,(anonymous_29)
FNDA:0,(anonymous_30)
FNDA:0,(anonymous_33)
FNDA:0,(anonymous_36)
FNDA:0,(anonymous_37)
FNDA:0,(anonymous_38)
FNDA:0,(anonymous_39)
FNDA:0,(anonymous_40)
FNDA:0,(anonymous_41)
FNDA:0,(anonymous_42)
DA:1,0
DA:2,0
DA:3,0
DA:4,0
DA:5,0
DA:7,0
DA:10,0
DA:20,0
DA:30,0
DA:42,0
DA:43,0
DA:44,0
DA:45,0
DA:46,0
DA:48,0
DA:51,0
DA:52,0
DA:55,0
DA:56,0
DA:59,0
DA:60,0
DA:63,0
DA:64,0
DA:65,0
DA:66,0
DA:67,0
DA:68,0
DA:71,0
DA:72,0
DA:73,0
DA:74,0
DA:75,0
DA:82,0
DA:84,0
DA:86,0
DA:87,0
DA:88,0
DA:89,0
DA:90,0
DA:92,0
DA:101,0
DA:102,0
DA:103,0
DA:104,0
DA:105,0
DA:111,0
DA:115,0
DA:116,0
DA:119,0
DA:120,0
DA:123,0
DA:125,0
DA:127,0
DA:128,0
DA:132,0
DA:133,0
DA:134,0
DA:136,0
DA:137,0
DA:138,0
DA:140,0
DA:141,0
DA:155,0
DA:156,0
DA:157,0
DA:160,0
DA:161,0
DA:163,0
DA:164,0
DA:167,0
DA:168,0
DA:169,0
DA:170,0
DA:171,0
DA:173,0
DA:174,0
DA:175,0
DA:177,0
DA:188,0
DA:189,0
DA:190,0
DA:193,0
DA:197,0
DA:202,0
DA:203,0
DA:204,0
DA:208,0
DA:209,0
DA:215,0
DA:216,0
DA:217,0
DA:220,0
DA:221,0
DA:223,0
DA:224,0
DA:227,0
DA:228,0
DA:229,0
DA:230,0
DA:231,0
DA:232,0
DA:233,0
DA:235,0
DA:239,0
DA:240,0
DA:241,0
DA:242,0
DA:243,0
DA:245,0
DA:246,0
DA:247,0
DA:248,0
DA:249,0
DA:251,0
DA:263,0
DA:264,0
DA:266,0
DA:268,0
DA:269,0
DA:272,0
DA:274,0
DA:275,0
DA:276,0
DA:280,0
DA:284,0
DA:287,0
DA:288,0
DA:294,0
DA:295,0
DA:296,0
DA:297,0
DA:298,0
DA:300,0
DA:312,0
DA:313,0
DA:315,0
DA:317,0
DA:318,0
DA:321,0
DA:323,0
DA:324,0
DA:325,0
DA:329,0
DA:333,0
DA:336,0
DA:337,0
DA:345,0
DA:346,0
DA:347,0
DA:348,0
DA:350,0
DA:351,0
DA:354,0
DA:355,0
DA:358,0
DA:359,0
DA:360,0
DA:362,0
DA:366,0
DA:367,0
DA:368,0
DA:369,0
DA:370,0
DA:377,0
DA:378,0
DA:379,0
DA:380,0
DA:381,0
DA:382,0
DA:383,0
DA:385,0
DA:386,0
DA:387,0
DA:388,0
DA:389,0
DA:390,0
DA:392,0
DA:395,0
DA:396,0
DA:397,0
DA:398,0
DA:399,0
DA:400,0
DA:401,0
DA:402,0
DA:403,0
DA:414,0
DA:415,0
DA:416,0
DA:417,0
DA:418,0
DA:419,0
DA:420,0
DA:422,0
DA:424,0
DA:425,0
DA:426,0
DA:427,0
DA:428,0
DA:429,0
DA:430,0
DA:431,0
DA:432,0
DA:434,0
DA:435,0
DA:436,0
DA:437,0
DA:438,0
DA:439,0
DA:441,0
DA:445,0
DA:446,0
DA:447,0
DA:448,0
DA:449,0
DA:450,0
DA:451,0
DA:452,0
DA:453,0
DA:454,0
DA:455,0
DA:456,0
DA:457,0
DA:458,0
DA:459,0
DA:460,0
DA:461,0
DA:462,0
DA:463,0
DA:466,0
DA:467,0
DA:468,0
DA:469,0
DA:470,0
DA:471,0
DA:472,0
DA:475,0
DA:476,0
DA:477,0
DA:478,0
DA:479,0
DA:482,0
DA:483,0
DA:484,0
DA:485,0
DA:488,0
DA:490,0
LF:247
LH:0
BRDA:66,0,0,0
BRDA:66,0,1,0
BRDA:66,1,0,0
BRDA:66,1,1,0
BRDA:66,2,0,0
BRDA:66,2,1,0
BRDA:66,3,0,0
BRDA:66,3,1,0
BRDA:84,4,0,0
BRDA:87,5,0,0
BRDA:104,6,0,0
BRDA:105,7,0,0
BRDA:106,8,0,0
BRDA:106,8,1,0
BRDA:106,8,2,0
BRDA:106,8,3,0
BRDA:115,9,0,0
BRDA:115,10,0,0
BRDA:115,10,1,0
BRDA:115,10,2,0
BRDA:115,11,0,0
BRDA:115,11,1,0
BRDA:115,12,0,0
BRDA:115,12,1,0
BRDA:115,13,0,0
BRDA:115,13,1,0
BRDA:115,14,0,0
BRDA:115,14,1,0
BRDA:115,15,0,0
BRDA:115,15,1,0
BRDA:115,16,0,0
BRDA:115,16,1,0
BRDA:119,17,0,0
BRDA:119,18,0,0
BRDA:119,18,1,0
BRDA:119,18,2,0
BRDA:119,19,0,0
BRDA:119,19,1,0
BRDA:119,20,0,0
BRDA:119,20,1,0
BRDA:119,21,0,0
BRDA:119,21,1,0
BRDA:119,22,0,0
BRDA:119,22,1,0
BRDA:119,23,0,0
BRDA:119,23,1,0
BRDA:119,24,0,0
BRDA:119,24,1,0
BRDA:127,25,0,0
BRDA:136,26,0,0
BRDA:137,27,0,0
BRDA:137,27,1,0
BRDA:137,28,0,0
BRDA:137,28,1,0
BRDA:138,29,0,0
BRDA:138,29,1,0
BRDA:138,30,0,0
BRDA:138,30,1,0
BRDA:140,31,0,0
BRDA:140,32,0,0
BRDA:140,32,1,0
BRDA:156,33,0,0
BRDA:163,34,0,0
BRDA:163,35,0,0
BRDA:163,35,1,0
BRDA:178,36,0,0
BRDA:178,36,1,0
BRDA:178,37,0,0
BRDA:178,37,1,0
BRDA:190,38,0,0
BRDA:190,39,0,0
BRDA:190,39,1,0
BRDA:193,40,0,0
BRDA:193,41,0,0
BRDA:193,41,1,0
BRDA:193,42,0,0
BRDA:193,42,1,0
BRDA:202,43,0,0
BRDA:202,44,0,0
BRDA:202,44,1,0
BRDA:202,44,2,0
BRDA:202,44,3,0
BRDA:203,45,0,0
BRDA:203,46,0,0
BRDA:203,46,1,0
BRDA:204,47,0,0
BRDA:204,47,1,0
BRDA:208,48,0,0
BRDA:208,49,0,0
BRDA:208,49,1,0
BRDA:216,50,0,0
BRDA:223,51,0,0
BRDA:245,52,0,0
BRDA:245,53,0,0
BRDA:245,53,1,0
BRDA:245,54,0,0
BRDA:245,54,1,0
BRDA:245,55,0,0
BRDA:245,55,1,0
BRDA:245,56,0,0
BRDA:245,56,1,0
BRDA:245,57,0,0
BRDA:245,57,1,0
BRDA:252,58,0,0
BRDA:252,58,1,0
BRDA:252,59,0,0
BRDA:252,59,1,0
BRDA:253,60,0,0
BRDA:253,60,1,0
BRDA:253,61,0,0
BRDA:253,61,1,0
BRDA:263,62,0,0
BRDA:263,62,1,0
BRDA:263,63,0,0
BRDA:263,63,1,0
BRDA:263,64,0,0
BRDA:263,64,1,0
BRDA:268,65,0,0
BRDA:268,66,0,0
BRDA:268,66,1,0
BRDA:276,67,0,0
BRDA:276,68,0,0
BRDA:276,68,1,0
BRDA:276,69,0,0
BRDA:276,69,1,0
BRDA:284,70,0,0
BRDA:284,70,1,0
BRDA:284,71,0,0
BRDA:284,71,1,0
BRDA:287,72,0,0
BRDA:287,73,0,0
BRDA:287,73,1,0
BRDA:294,74,0,0
BRDA:294,75,0,0
BRDA:294,75,1,0
BRDA:294,76,0,0
BRDA:294,76,1,0
BRDA:294,77,0,0
BRDA:294,77,1,0
BRDA:294,78,0,0
BRDA:294,78,1,0
BRDA:294,79,0,0
BRDA:294,79,1,0
BRDA:301,80,0,0
BRDA:301,80,1,0
BRDA:301,81,0,0
BRDA:301,81,1,0
BRDA:302,82,0,0
BRDA:302,82,1,0
BRDA:302,83,0,0
BRDA:302,83,1,0
BRDA:312,84,0,0
BRDA:312,84,1,0
BRDA:312,85,0,0
BRDA:312,85,1,0
BRDA:312,86,0,0
BRDA:312,86,1,0
BRDA:317,87,0,0
BRDA:317,88,0,0
BRDA:317,88,1,0
BRDA:325,89,0,0
BRDA:325,90,0,0
BRDA:325,90,1,0
BRDA:325,91,0,0
BRDA:325,91,1,0
BRDA:333,92,0,0
BRDA:333,92,1,0
BRDA:333,93,0,0
BRDA:333,93,1,0
BRDA:336,94,0,0
BRDA:336,95,0,0
BRDA:336,95,1,0
BRDA:350,96,0,0
BRDA:354,97,0,0
BRDA:386,98,0,0
BRDA:386,98,1,0
BRDA:414,99,0,0
BRDA:414,99,1,0
BRDA:422,100,0,0
BRDA:422,100,1,0
BRDA:424,101,0,0
BRDA:424,101,1,0
BRDA:434,102,0,0
BRDA:434,102,1,0
BRDA:441,103,0,0
BRDA:441,103,1,0
BRDA:442,104,0,0
BRDA:442,104,1,0
BRDA:442,104,2,0
BRDA:442,104,3,0
BRDA:449,105,0,0
BRDA:449,105,1,0
BRDA:449,106,0,0
BRDA:449,106,1,0
BRDA:454,107,0,0
BRDA:454,107,1,0
BRDA:454,108,0,0
BRDA:454,108,1,0
BRDA:459,109,0,0
BRDA:459,110,0,0
BRDA:459,110,1,0
BRDA:484,111,0,0
BRF:202
BRH:0
end_of_record
TN:
SF:src/figures/cornerDot/canvas/QRCornerDot.ts
FN:9,(anonymous_3)
FN:13,QRCornerDot
FN:24,(anonymous_5)
FN:69,(anonymous_6)
FN:88,(anonymous_7)
FN:93,(anonymous_8)
FN:99,(anonymous_9)
FN:104,(anonymous_10)
FN:110,(anonymous_11)
FN:116,(anonymous_12)
FN:151,(anonymous_13)
FN:157,(anonymous_14)
FN:200,(anonymous_15)
FN:207,(anonymous_16)
FN:230,(anonymous_17)
FN:237,(anonymous_18)
FN:283,(anonymous_19)
FN:290,(anonymous_20)
FN:343,(anonymous_21)
FN:349,(anonymous_22)
FN:373,(anonymous_23)
FN:383,(anonymous_24)
FN:395,(anonymous_25)
FN:404,(anonymous_26)
FN:413,(anonymous_27)
FN:420,(anonymous_28)
FN:441,(anonymous_29)
FN:445,(anonymous_30)
FN:449,(anonymous_31)
FN:453,(anonymous_32)
FN:457,(anonymous_33)
FN:461,(anonymous_34)
FN:465,(anonymous_35)
FN:469,(anonymous_36)
FN:479,(anonymous_37)
FN:483,(anonymous_38)
FN:493,(anonymous_39)
FNF:37
FNH:0
FNDA:0,(anonymous_3)
FNDA:0,QRCornerDot
FNDA:0,(anonymous_5)
FNDA:0,(anonymous_6)
FNDA:0,(anonymous_7)
FNDA:0,(anonymous_8)
FNDA:0,(anonymous_9)
FNDA:0,(anonymous_10)
FNDA:0,(anonymous_11)
FNDA:0,(anonymous_12)
FNDA:0,(anonymous_13)
FNDA:0,(anonymous_14)
FNDA:0,(anonymous_15)
FNDA:0,(anonymous_16)
FNDA:0,(anonymous_17)
FNDA:0,(anonymous_18)
FNDA:0,(anonymous_19)
FNDA:0,(anonymous_20)
FNDA:0,(anonymous_21)
FNDA:0,(anonymous_22)
FNDA:0,(anonymous_23)
FNDA:0,(anonymous_24)
FNDA:0,(anonymous_25)
FNDA:0,(anonymous_26)
FNDA:0,(anonymous_27)
FNDA:0,(anonymous_28)
FNDA:0,(anonymous_29)
FNDA:0,(anonymous_30)
FNDA:0,(anonymous_31)
FNDA:0,(anonymous_32)
FNDA:0,(anonymous_33)
FNDA:0,(anonymous_34)
FNDA:0,(anonymous_35)
FNDA:0,(anonymous_36)
FNDA:0,(anonymous_37)
FNDA:0,(anonymous_38)
FNDA:0,(anonymous_39)
DA:1,0
DA:9,0
DA:14,0
DA:15,0
DA:20,0
DA:21,0
DA:24,0
DA:25,0
DA:26,0
DA:29,0
DA:31,0
DA:32,0
DA:34,0
DA:35,0
DA:37,0
DA:38,0
DA:41,0
DA:42,0
DA:44,0
DA:45,0
DA:47,0
DA:48,0
DA:50,0
DA:51,0
DA:53,0
DA:54,0
DA:56,0
DA:57,0
DA:59,0
DA:60,0
DA:63,0
DA:66,0
DA:69,0
DA:70,0
DA:71,0
DA:72,0
DA:73,0
DA:74,0
DA:75,0
DA:77,0
DA:78,0
DA:80,0
DA:81,0
DA:82,0
DA:83,0
DA:84,0
DA:85,0
DA:88,0
DA:89,0
DA:91,0
DA:94,0
DA:99,0
DA:100,0
DA:102,0
DA:105,0
DA:110,0
DA:111,0
DA:112,0
DA:114,0
DA:117,0
DA:118,0
DA:119,0
DA:120,0
DA:121,0
DA:128,0
DA:129,0
DA:130,0
DA:131,0
DA:138,0
DA:139,0
DA:146,0
DA:151,0
DA:152,0
DA:153,0
DA:155,0
DA:158,0
DA:159,0
DA:160,0
DA:161,0
DA:162,0
DA:169,0
DA:170,0
DA:171,0
DA:172,0
DA:179,0
DA:180,0
DA:187,0
DA:188,0
DA:195,0
DA:200,0
DA:201,0
DA:202,0
DA:203,0
DA:205,0
DA:208,0
DA:209,0
DA:210,0
DA:211,0
DA:212,0
DA:215,0
DA:223,0
DA:225,0
DA:230,0
DA:231,0
DA:232,0
DA:233,0
DA:235,0
DA:238,0
DA:241,0
DA:244,0
DA:247,0
DA:248,0
DA:257,0
DA:258,0
DA:261,0
DA:262,0
DA:271,0
DA:274,0
DA:276,0
DA:278,0
DA:283,0
DA:284,0
DA:285,0
DA:286,0
DA:288,0
DA:291,0
DA:294,0
DA:297,0
DA:300,0
DA:301,0
DA:310,0
DA:311,0
DA:320,0
DA:323,0
DA:324,0
DA:327,0
DA:328,0
DA:336,0
DA:338,0
DA:343,0
DA:344,0
DA:345,0
DA:347,0
DA:350,0
DA:353,0
DA:356,0
DA:359,0
DA:362,0
DA:365,0
DA:368,0
DA:373,0
DA:374,0
DA:376,0
DA:377,0
DA:378,0
DA:379,0
DA:381,0
DA:384,0
DA:385,0
DA:386,0
DA:387,0
DA:388,0
DA:390,0
DA:395,0
DA:396,0
DA:398,0
DA:399,0
DA:400,0
DA:402,0
DA:405,0
DA:406,0
DA:407,0
DA:408,0
DA:413,0
DA:414,0
DA:415,0
DA:416,0
DA:418,0
DA:421,0
DA:422,0
DA:423,0
DA:425,0
DA:428,0
DA:431,0
DA:433,0
DA:434,0
DA:436,0
DA:441,0
DA:442,0
DA:445,0
DA:446,0
DA:449,0
DA:450,0
DA:453,0
DA:454,0
DA:457,0
DA:458,0
DA:461,0
DA:462,0
DA:465,0
DA:466,0
DA:469,0
DA:470,0
DA:471,0
DA:472,0
DA:473,0
DA:474,0
DA:476,0
DA:479,0
DA:480,0
DA:483,0
DA:484,0
DA:485,0
DA:486,0
DA:487,0
DA:488,0
DA:490,0
DA:493,0
DA:494,0
DA:495,0
DA:496,0
DA:497,0
DA:498,0
DA:500,0
DA:502,0
LF:225
LH:0
BRDA:29,0,0,0
BRDA:29,0,1,0
BRDA:29,0,2,0
BRDA:29,0,3,0
BRDA:29,0,4,0
BRDA:29,0,5,0
BRDA:29,0,6,0
BRDA:29,0,7,0
BRDA:29,0,8,0
BRDA:29,0,9,0
BRDA:29,0,10,0
BRDA:29,0,11,0
BRDA:74,1,0,0
BRDA:74,1,1,0
BRDA:81,2,0,0
BRDA:81,2,1,0
BRDA:84,3,0,0
BRDA:84,3,1,0
BRDA:386,4,0,0
BRDA:386,4,1,0
BRF:20
BRH:0
end_of_record
TN:
SF:src/figures/cornerDot/svg/QRCornerDot.ts
FN:9,(anonymous_3)
FN:14,QRCornerDot
FN:20,(anonymous_5)
FN:66,(anonymous_6)
FN:80,(anonymous_7)
FN:85,(anonymous_8)
FN:98,(anonymous_9)
FN:103,(anonymous_10)
FN:117,(anonymous_11)
FN:123,(anonymous_12)
FN:139,(anonymous_13)
FN:145,(anonymous_14)
FN:173,(anonymous_15)
FN:180,(anonymous_16)
FN:227,(anonymous_17)
FN:233,(anonymous_18)
FN:260,(anonymous_19)
FN:266,(anonymous_20)
FN:310,(anonymous_21)
FN:315,(anonymous_22)
FN:334,(anonymous_23)
FN:344,(anonymous_24)
FN:364,(anonymous_25)
FN:373,(anonymous_26)
FN:404,(anonymous_27)
FN:413,(anonymous_28)
FN:454,(anonymous_29)
FN:463,(anonymous_30)
FN:554,(anonymous_31)
FN:558,(anonymous_32)
FN:562,(anonymous_33)
FN:566,(anonymous_34)
FN:570,(anonymous_35)
FN:574,(anonymous_36)
FN:578,(anonymous_37)
FN:582,(anonymous_38)
FN:585,(anonymous_39)
FN:589,(anonymous_40)
FN:592,(anonymous_41)
FN:596,(anonymous_42)
FNF:40
FNH:0
FNDA:0,(anonymous_3)
FNDA:0,QRCornerDot
FNDA:0,(anonymous_5)
FNDA:0,(anonymous_6)
FNDA:0,(anonymous_7)
FNDA:0,(anonymous_8)
FNDA:0,(anonymous_9)
FNDA:0,(anonymous_10)
FNDA:0,(anonymous_11)
FNDA:0,(anonymous_12)
FNDA:0,(anonymous_13)
FNDA:0,(anonymous_14)
FNDA:0,(anonymous_15)
FNDA:0,(anonymous_16)
FNDA:0,(anonymous_17)
FNDA:0,(anonymous_18)
FNDA:0,(anonymous_19)
FNDA:0,(anonymous_20)
FNDA:0,(anonymous_21)
FNDA:0,(anonymous_22)
FNDA:0,(anonymous_23)
FNDA:0,(anonymous_24)
FNDA:0,(anonymous_25)
FNDA:0,(anonymous_26)
FNDA:0,(anonymous_27)
FNDA:0,(anonymous_28)
FNDA:0,(anonymous_29)
FNDA:0,(anonymous_30)
FNDA:0,(anonymous_31)
FNDA:0,(anonymous_32)
FNDA:0,(anonymous_33)
FNDA:0,(anonymous_34)
FNDA:0,(anonymous_35)
FNDA:0,(anonymous_36)
FNDA:0,(anonymous_37)
FNDA:0,(anonymous_38)
FNDA:0,(anonymous_39)
FNDA:0,(anonymous_40)
FNDA:0,(anonymous_41)
FNDA:0,(anonymous_42)
DA:1,0
DA:9,0
DA:14,0
DA:15,0
DA:16,0
DA:17,0
DA:20,0
DA:21,0
DA:24,0
DA:26,0
DA:27,0
DA:29,0
DA:30,0
DA:32,0
DA:33,0
DA:35,0
DA:36,0
DA:38,0
DA:39,0
DA:41,0
DA:42,0
DA:44,0
DA:45,0
DA:47,0
DA:48,0
DA:50,0
DA:51,0
DA:53,0
DA:54,0
DA:56,0
DA:57,0
DA:60,0
DA:63,0
DA:66,0
DA:67,0
DA:68,0
DA:70,0
DA:71,0
DA:72,0
DA:73,0
DA:80,0
DA:81,0
DA:83,0
DA:86,0
DA:90,0
DA:91,0
DA:92,0
DA:93,0
DA:98,0
DA:99,0
DA:101,0
DA:104,0
DA:108,0
DA:109,0
DA:110,0
DA:111,0
DA:112,0
DA:117,0
DA:118,0
DA:119,0
DA:121,0
DA:124,0
DA:128,0
DA:129,0
DA:130,0
DA:131,0
DA:132,0
DA:133,0
DA:134,0
DA:139,0
DA:140,0
DA:141,0
DA:143,0
DA:146,0
DA:150,0
DA:151,0
DA:152,0
DA:153,0
DA:154,0
DA:155,0
DA:158,0
DA:162,0
DA:163,0
DA:164,0
DA:165,0
DA:167,0
DA:168,0
DA:173,0
DA:174,0
DA:175,0
DA:176,0
DA:178,0
DA:181,0
DA:185,0
DA:199,0
DA:200,0
DA:227,0
DA:228,0
DA:229,0
DA:231,0
DA:235,0
DA:239,0
DA:240,0
DA:241,0
DA:244,0
DA:248,0
DA:249,0
DA:250,0
DA:251,0
DA:254,0
DA:255,0
DA:260,0
DA:261,0
DA:262,0
DA:264,0
DA:268,0
DA:272,0
DA:273,0
DA:274,0
DA:277,0
DA:281,0
DA:282,0
DA:283,0
DA:284,0
DA:287,0
DA:288,0
DA:310,0
DA:311,0
DA:313,0
DA:316,0
DA:320,0
DA:329,0
DA:334,0
DA:335,0
DA:337,0
DA:338,0
DA:339,0
DA:340,0
DA:342,0
DA:345,0
DA:346,0
DA:347,0
DA:348,0
DA:349,0
DA:350,0
DA:351,0
DA:354,0
DA:358,0
DA:359,0
DA:364,0
DA:365,0
DA:367,0
DA:368,0
DA:369,0
DA:371,0
DA:374,0
DA:379,0
DA:383,0
DA:384,0
DA:385,0
DA:386,0
DA:387,0
DA:389,0
DA:393,0
DA:394,0
DA:395,0
DA:396,0
DA:397,0
DA:399,0
DA:404,0
DA:405,0
DA:407,0
DA:408,0
DA:409,0
DA:411,0
DA:414,0
DA:419,0
DA:423,0
DA:424,0
DA:425,0
DA:426,0
DA:427,0
DA:431,0
DA:432,0
DA:434,0
DA:438,0
DA:439,0
DA:440,0
DA:441,0
DA:442,0
DA:446,0
DA:447,0
DA:449,0
DA:454,0
DA:455,0
DA:457,0
DA:458,0
DA:459,0
DA:461,0
DA:464,0
DA:471,0
DA:475,0
DA:476,0
DA:477,0
DA:478,0
DA:480,0
DA:484,0
DA:493,0
DA:497,0
DA:506,0
DA:507,0
DA:508,0
DA:510,0
DA:514,0
DA:515,0
DA:516,0
DA:517,0
DA:519,0
DA:523,0
DA:532,0
DA:536,0
DA:545,0
DA:546,0
DA:547,0
DA:549,0
DA:554,0
DA:555,0
DA:558,0
DA:559,0
DA:562,0
DA:563,0
DA:566,0
DA:567,0
DA:570,0
DA:571,0
DA:574,0
DA:575,0
DA:578,0
DA:579,0
DA:582,0
DA:583,0
DA:585,0
DA:586,0
DA:589,0
DA:590,0
DA:592,0
DA:593,0
DA:596,0
DA:597,0
DA:599,0
LF:250
LH:0
BRDA:24,0,0,0
BRDA:24,0,1,0
BRDA:24,0,2,0
BRDA:24,0,3,0
BRDA:24,0,4,0
BRDA:24,0,5,0
BRDA:24,0,6,0
BRDA:24,0,7,0
BRDA:24,0,8,0
BRDA:24,0,9,0
BRDA:24,0,10,0
BRDA:24,0,11,0
BRDA:24,0,12,0
BRDA:66,1,0,0
BRDA:66,1,1,0
BRDA:72,2,0,0
BRDA:347,3,0,0
BRDA:347,3,1,0
BRF:18
BRH:0
end_of_record
TN:
SF:src/figures/cornerSquare/canvas/QRCornerSquare.ts
FN:4,(anonymous_3)
FN:8,QRCornerSquare
FN:13,(anonymous_5)
FN:33,(anonymous_6)
FN:45,(anonymous_7)
FN:51,(anonymous_8)
FN:58,(anonymous_9)
FN:64,(anonymous_10)
FN:71,(anonymous_11)
FN:77,(anonymous_12)
FN:99,(anonymous_13)
FN:103,(anonymous_14)
FN:107,(anonymous_15)
FNF:13
FNH:0
FNDA:0,(anonymous_3)
FNDA:0,QRCornerSquare
FNDA:0,(anonymous_5)
FNDA:0,(anonymous_6)
FNDA:0,(anonymous_7)
FNDA:0,(anonymous_8)
FNDA:0,(anonymous_9)
FNDA:0,(anonymous_10)
FNDA:0,(anonymous_11)
FNDA:0,(anonymous_12)
FNDA:0,(anonymous_13)
FNDA:0,(anonymous_14)
FNDA:0,(anonymous_15)
DA:1,0
DA:4,0
DA:8,0
DA:9,0
DA:10,0
DA:13,0
DA:14,0
DA:15,0
DA:18,0
DA:20,0
DA:21,0
DA:23,0
DA:24,0
DA:27,0
DA:30,0
DA:33,0
DA:34,0
DA:35,0
DA:37,0
DA:38,0
DA:39,0
DA:40,0
DA:41,0
DA:42,0
DA:45,0
DA:46,0
DA:47,0
DA:49,0
DA:52,0
DA:53,0
DA:58,0
DA:59,0
DA:60,0
DA:62,0
DA:65,0
DA:66,0
DA:71,0
DA:72,0
DA:73,0
DA:75,0
DA:78,0
DA:79,0
DA:80,0
DA:81,0
DA:82,0
DA:83,0
DA:84,0
DA:85,0
DA:87,0
DA:88,0
DA:89,0
DA:90,0
DA:91,0
DA:92,0
DA:93,0
DA:94,0
DA:99,0
DA:100,0
DA:103,0
DA:104,0
DA:107,0
DA:108,0
DA:110,0
LF:63
LH:0
BRDA:18,0,0,0
BRDA:18,0,1,0
BRDA:18,0,2,0
BRDA:18,0,3,0
BRDA:33,1,0,0
BRDA:33,1,1,0
BRDA:38,2,0,0
BRDA:38,2,1,0
BRDA:41,3,0,0
BRDA:41,3,1,0
BRF:10
BRH:0
end_of_record
TN:
SF:src/figures/cornerSquare/svg/QRCornerSquare.ts
FN:9,(anonymous_3)
FN:14,QRCornerSquare
FN:19,(anonymous_5)
FN:62,(anonymous_6)
FN:73,(anonymous_7)
FN:79,(anonymous_8)
FN:98,(anonymous_9)
FN:104,(anonymous_10)
FN:127,(anonymous_11)
FN:133,(anonymous_12)
FN:180,(anonymous_13)
FN:187,(anonymous_14)
FN:240,(anonymous_15)
FN:250,(anonymous_16)
FN:310,(anonymous_17)
FN:320,(anonymous_18)
FN:380,(anonymous_19)
FN:387,(anonymous_20)
FN:409,(anonymous_21)
FN:417,(anonymous_22)
FN:463,(anonymous_23)
FN:471,(anonymous_24)
FN:517,(anonymous_25)
FN:527,(anonymous_26)
FN:617,(anonymous_27)
FN:621,(anonymous_28)
FN:625,(anonymous_29)
FN:629,(anonymous_30)
FN:633,(anonymous_31)
FN:637,(anonymous_32)
FN:641,(anonymous_33)
FN:645,(anonymous_34)
FN:649,(anonymous_35)
FN:652,(anonymous_36)
FNF:34
FNH:0
FNDA:0,(anonymous_3)
FNDA:0,QRCornerSquare
FNDA:0,(anonymous_5)
FNDA:0,(anonymous_6)
FNDA:0,(anonymous_7)
FNDA:0,(anonymous_8)
FNDA:0,(anonymous_9)
FNDA:0,(anonymous_10)
FNDA:0,(anonymous_11)
FNDA:0,(anonymous_12)
FNDA:0,(anonymous_13)
FNDA:0,(anonymous_14)
FNDA:0,(anonymous_15)
FNDA:0,(anonymous_16)
FNDA:0,(anonymous_17)
FNDA:0,(anonymous_18)
FNDA:0,(anonymous_19)
FNDA:0,(anonymous_20)
FNDA:0,(anonymous_21)
FNDA:0,(anonymous_22)
FNDA:0,(anonymous_23)
FNDA:0,(anonymous_24)
FNDA:0,(anonymous_25)
FNDA:0,(anonymous_26)
FNDA:0,(anonymous_27)
FNDA:0,(anonymous_28)
FNDA:0,(anonymous_29)
FNDA:0,(anonymous_30)
FNDA:0,(anonymous_31)
FNDA:0,(anonymous_32)
FNDA:0,(anonymous_33)
FNDA:0,(anonymous_34)
FNDA:0,(anonymous_35)
FNDA:0,(anonymous_36)
DA:1,0
DA:9,0
DA:14,0
DA:15,0
DA:16,0
DA:19,0
DA:20,0
DA:23,0
DA:25,0
DA:26,0
DA:28,0
DA:29,0
DA:31,0
DA:32,0
DA:34,0
DA:35,0
DA:37,0
DA:38,0
DA:40,0
DA:41,0
DA:43,0
DA:44,0
DA:46,0
DA:47,0
DA:49,0
DA:50,0
DA:56,0
DA:59,0
DA:62,0
DA:63,0
DA:64,0
DA:66,0
DA:67,0
DA:73,0
DA:74,0
DA:75,0
DA:77,0
DA:80,0
DA:84,0
DA:85,0
DA:98,0
DA:99,0
DA:100,0
DA:102,0
DA:105,0
DA:109,0
DA:110,0
DA:127,0
DA:128,0
DA:129,0
DA:131,0
DA:134,0
DA:138,0
DA:139,0
DA:180,0
DA:181,0
DA:182,0
DA:183,0
DA:185,0
DA:188,0
DA:192,0
DA:193,0
DA:195,0
DA:197,0
DA:198,0
DA:203,0
DA:204,0
DA:209,0
DA:210,0
DA:215,0
DA:216,0
DA:221,0
DA:223,0
DA:227,0
DA:231,0
DA:235,0
DA:240,0
DA:241,0
DA:242,0
DA:243,0
DA:244,0
DA:245,0
DA:246,0
DA:248,0
DA:252,0
DA:256,0
DA:257,0
DA:271,0
DA:272,0
DA:273,0
DA:274,0
DA:277,0
DA:281,0
DA:282,0
DA:296,0
DA:297,0
DA:298,0
DA:301,0
DA:302,0
DA:303,0
DA:304,0
DA:310,0
DA:311,0
DA:312,0
DA:313,0
DA:314,0
DA:315,0
DA:316,0
DA:318,0
DA:322,0
DA:326,0
DA:327,0
DA:341,0
DA:342,0
DA:343,0
DA:344,0
DA:347,0
DA:351,0
DA:352,0
DA:366,0
DA:367,0
DA:368,0
DA:371,0
DA:372,0
DA:373,0
DA:374,0
DA:380,0
DA:381,0
DA:382,0
DA:383,0
DA:385,0
DA:388,0
DA:392,0
DA:393,0
DA:409,0
DA:410,0
DA:411,0
DA:412,0
DA:413,0
DA:415,0
DA:419,0
DA:423,0
DA:424,0
DA:437,0
DA:438,0
DA:439,0
DA:440,0
DA:443,0
DA:447,0
DA:448,0
DA:449,0
DA:450,0
DA:451,0
DA:454,0
DA:455,0
DA:456,0
DA:457,0
DA:463,0
DA:464,0
DA:465,0
DA:466,0
DA:467,0
DA:469,0
DA:473,0
DA:477,0
DA:478,0
DA:491,0
DA:492,0
DA:493,0
DA:494,0
DA:497,0
DA:501,0
DA:502,0
DA:503,0
DA:504,0
DA:505,0
DA:508,0
DA:509,0
DA:510,0
DA:511,0
DA:517,0
DA:518,0
DA:519,0
DA:520,0
DA:521,0
DA:522,0
DA:523,0
DA:525,0
DA:529,0
DA:533,0
DA:534,0
DA:549,0
DA:550,0
DA:551,0
DA:552,0
DA:555,0
DA:559,0
DA:560,0
DA:575,0
DA:576,0
DA:577,0
DA:580,0
DA:581,0
DA:582,0
DA:583,0
DA:617,0
DA:618,0
DA:621,0
DA:622,0
DA:625,0
DA:626,0
DA:629,0
DA:630,0
DA:633,0
DA:634,0
DA:637,0
DA:638,0
DA:641,0
DA:642,0
DA:645,0
DA:646,0
DA:649,0
DA:650,0
DA:652,0
DA:653,0
DA:658,0
LF:226
LH:0
BRDA:23,0,0,0
BRDA:23,0,1,0
BRDA:23,0,2,0
BRDA:23,0,3,0
BRDA:23,0,4,0
BRDA:23,0,5,0
BRDA:23,0,6,0
BRDA:23,0,7,0
BRDA:23,0,8,0
BRDA:23,0,9,0
BRDA:23,0,10,0
BRDA:62,1,0,0
BRDA:62,1,1,0
BRDA:67,2,0,0
BRDA:67,2,1,0
BRDA:67,3,0,0
BRDA:67,3,1,0
BRDA:302,4,0,0
BRDA:372,5,0,0
BRDA:455,6,0,0
BRDA:509,7,0,0
BRDA:581,8,0,0
BRF:22
BRH:0
end_of_record
TN:
SF:src/figures/dot/canvas/QRDot.ts
FN:10,(anonymous_3)
FN:14,QRDot
FN:19,(anonymous_5)
FN:48,(anonymous_6)
FN:60,(anonymous_7)
FN:65,(anonymous_8)
FN:71,(anonymous_9)
FN:76,(anonymous_10)
FN:83,(anonymous_11)
FN:88,(anonymous_12)
FN:98,(anonymous_13)
FN:103,(anonymous_14)
FN:114,(anonymous_15)
FN:119,(anonymous_16)
FN:127,(anonymous_17)
FN:132,(anonymous_18)
FN:143,(anonymous_19)
FN:148,(anonymous_20)
FN:155,(anonymous_21)
FN:159,(anonymous_22)
FN:163,(anonymous_23)
FN:212,(anonymous_24)
FN:261,(anonymous_25)
FN:287,(anonymous_26)
FNF:24
FNH:0
FNDA:0,(anonymous_3)
FNDA:0,QRDot
FNDA:0,(anonymous_5)
FNDA:0,(anonymous_6)
FNDA:0,(anonymous_7)
FNDA:0,(anonymous_8)
FNDA:0,(anonymous_9)
FNDA:0,(anonymous_10)
FNDA:0,(anonymous_11)
FNDA:0,(anonymous_12)
FNDA:0,(anonymous_13)
FNDA:0,(anonymous_14)
FNDA:0,(anonymous_15)
FNDA:0,(anonymous_16)
FNDA:0,(anonymous_17)
FNDA:0,(anonymous_18)
FNDA:0,(anonymous_19)
FNDA:0,(anonymous_20)
FNDA:0,(anonymous_21)
FNDA:0,(anonymous_22)
FNDA:0,(anonymous_23)
FNDA:0,(anonymous_24)
FNDA:0,(anonymous_25)
FNDA:0,(anonymous_26)
DA:1,0
DA:10,0
DA:14,0
DA:15,0
DA:16,0
DA:19,0
DA:20,0
DA:21,0
DA:24,0
DA:26,0
DA:27,0
DA:29,0
DA:30,0
DA:32,0
DA:33,0
DA:35,0
DA:36,0
DA:38,0
DA:39,0
DA:42,0
DA:45,0
DA:48,0
DA:49,0
DA:50,0
DA:52,0
DA:53,0
DA:54,0
DA:55,0
DA:56,0
DA:57,0
DA:60,0
DA:61,0
DA:63,0
DA:66,0
DA:71,0
DA:72,0
DA:74,0
DA:77,0
DA:83,0
DA:84,0
DA:86,0
DA:89,0
DA:90,0
DA:91,0
DA:92,0
DA:98,0
DA:99,0
DA:101,0
DA:104,0
DA:105,0
DA:106,0
DA:107,0
DA:108,0
DA:114,0
DA:115,0
DA:117,0
DA:120,0
DA:121,0
DA:122,0
DA:127,0
DA:128,0
DA:130,0
DA:133,0
DA:134,0
DA:135,0
DA:136,0
DA:137,0
DA:138,0
DA:143,0
DA:144,0
DA:146,0
DA:149,0
DA:150,0
DA:155,0
DA:156,0
DA:159,0
DA:160,0
DA:163,0
DA:164,0
DA:165,0
DA:166,0
DA:167,0
DA:169,0
DA:171,0
DA:172,0
DA:173,0
DA:176,0
DA:177,0
DA:178,0
DA:181,0
DA:182,0
DA:184,0
DA:185,0
DA:186,0
DA:187,0
DA:188,0
DA:189,0
DA:192,0
DA:193,0
DA:196,0
DA:197,0
DA:199,0
DA:200,0
DA:201,0
DA:202,0
DA:203,0
DA:204,0
DA:207,0
DA:208,0
DA:212,0
DA:213,0
DA:214,0
DA:215,0
DA:216,0
DA:218,0
DA:220,0
DA:221,0
DA:222,0
DA:225,0
DA:226,0
DA:227,0
DA:230,0
DA:231,0
DA:233,0
DA:234,0
DA:235,0
DA:236,0
DA:237,0
DA:238,0
DA:241,0
DA:242,0
DA:245,0
DA:246,0
DA:248,0
DA:249,0
DA:250,0
DA:251,0
DA:252,0
DA:253,0
DA:256,0
DA:257,0
DA:261,0
DA:262,0
DA:263,0
DA:264,0
DA:265,0
DA:267,0
DA:269,0
DA:270,0
DA:271,0
DA:274,0
DA:275,0
DA:276,0
DA:279,0
DA:280,0
DA:281,0
DA:284,0
DA:287,0
DA:288,0
DA:289,0
DA:290,0
DA:291,0
DA:293,0
DA:295,0
DA:296,0
DA:297,0
DA:300,0
DA:301,0
DA:302,0
DA:305,0
DA:306,0
DA:307,0
DA:310,0
DA:312,0
LF:174
LH:0
BRDA:24,0,0,0
BRDA:24,0,1,0
BRDA:24,0,2,0
BRDA:24,0,3,0
BRDA:24,0,4,0
BRDA:24,0,5,0
BRDA:24,0,6,0
BRDA:48,1,0,0
BRDA:48,1,1,0
BRDA:53,2,0,0
BRDA:53,2,1,0
BRDA:56,3,0,0
BRDA:56,3,1,0
BRDA:164,4,0,0
BRDA:164,4,1,0
BRDA:165,5,0,0
BRDA:165,5,1,0
BRDA:166,6,0,0
BRDA:166,6,1,0
BRDA:167,7,0,0
BRDA:167,7,1,0
BRDA:171,8,0,0
BRDA:176,9,0,0
BRDA:176,10,0,0
BRDA:176,10,1,0
BRDA:176,10,2,0
BRDA:176,10,3,0
BRDA:176,10,4,0
BRDA:181,11,0,0
BRDA:184,12,0,0
BRDA:184,12,1,0
BRDA:184,13,0,0
BRDA:184,13,1,0
BRDA:186,14,0,0
BRDA:186,14,1,0
BRDA:186,15,0,0
BRDA:186,15,1,0
BRDA:188,16,0,0
BRDA:188,17,0,0
BRDA:188,17,1,0
BRDA:196,18,0,0
BRDA:199,19,0,0
BRDA:199,19,1,0
BRDA:201,20,0,0
BRDA:201,20,1,0
BRDA:203,21,0,0
BRDA:213,22,0,0
BRDA:213,22,1,0
BRDA:214,23,0,0
BRDA:214,23,1,0
BRDA:215,24,0,0
BRDA:215,24,1,0
BRDA:216,25,0,0
BRDA:216,25,1,0
BRDA:220,26,0,0
BRDA:225,27,0,0
BRDA:225,28,0,0
BRDA:225,28,1,0
BRDA:225,28,2,0
BRDA:225,28,3,0
BRDA:225,28,4,0
BRDA:230,29,0,0
BRDA:233,30,0,0
BRDA:233,30,1,0
BRDA:233,31,0,0
BRDA:233,31,1,0
BRDA:235,32,0,0
BRDA:235,32,1,0
BRDA:235,33,0,0
BRDA:235,33,1,0
BRDA:237,34,0,0
BRDA:237,35,0,0
BRDA:237,35,1,0
BRDA:245,36,0,0
BRDA:248,37,0,0
BRDA:248,37,1,0
BRDA:250,38,0,0
BRDA:250,38,1,0
BRDA:252,39,0,0
BRDA:262,40,0,0
BRDA:262,40,1,0
BRDA:263,41,0,0
BRDA:263,41,1,0
BRDA:264,42,0,0
BRDA:264,42,1,0
BRDA:265,43,0,0
BRDA:265,43,1,0
BRDA:269,44,0,0
BRDA:274,45,0,0
BRDA:274,46,0,0
BRDA:274,46,1,0
BRDA:279,47,0,0
BRDA:279,48,0,0
BRDA:279,48,1,0
BRDA:288,49,0,0
BRDA:288,49,1,0
BRDA:289,50,0,0
BRDA:289,50,1,0
BRDA:290,51,0,0
BRDA:290,51,1,0
BRDA:291,52,0,0
BRDA:291,52,1,0
BRDA:295,53,0,0
BRDA:300,54,0,0
BRDA:300,55,0,0
BRDA:300,55,1,0
BRDA:305,56,0,0
BRDA:305,57,0,0
BRDA:305,57,1,0
BRF:109
BRH:0
end_of_record
TN:
SF:src/figures/dot/svg/QRDot.ts
FN:4,(anonymous_3)
FN:9,QRDot
FN:14,(anonymous_5)
FN:42,(anonymous_6)
FN:50,(anonymous_7)
FN:55,(anonymous_8)
FN:64,(anonymous_9)
FN:69,(anonymous_10)
FN:80,(anonymous_11)
FN:85,(anonymous_12)
FN:99,(anonymous_13)
FN:104,(anonymous_14)
FN:119,(anonymous_15)
FN:124,(anonymous_16)
FN:138,(anonymous_17)
FN:143,(anonymous_18)
FN:158,(anonymous_19)
FN:162,(anonymous_20)
FN:166,(anonymous_21)
FN:215,(anonymous_22)
FN:264,(anonymous_23)
FN:290,(anonymous_24)
FNF:22
FNH:0
FNDA:0,(anonymous_3)
FNDA:0,QRDot
FNDA:0,(anonymous_5)
FNDA:0,(anonymous_6)
FNDA:0,(anonymous_7)
FNDA:0,(anonymous_8)
FNDA:0,(anonymous_9)
FNDA:0,(anonymous_10)
FNDA:0,(anonymous_11)
FNDA:0,(anonymous_12)
FNDA:0,(anonymous_13)
FNDA:0,(anonymous_14)
FNDA:0,(anonymous_15)
FNDA:0,(anonymous_16)
FNDA:0,(anonymous_17)
FNDA:0,(anonymous_18)
FNDA:0,(anonymous_19)
FNDA:0,(anonymous_20)
FNDA:0,(anonymous_21)
FNDA:0,(anonymous_22)
FNDA:0,(anonymous_23)
FNDA:0,(anonymous_24)
DA:1,0
DA:4,0
DA:9,0
DA:10,0
DA:11,0
DA:14,0
DA:15,0
DA:18,0
DA:20,0
DA:21,0
DA:23,0
DA:24,0
DA:26,0
DA:27,0
DA:29,0
DA:30,0
DA:32,0
DA:33,0
DA:36,0
DA:39,0
DA:42,0
DA:43,0
DA:44,0
DA:46,0
DA:47,0
DA:50,0
DA:51,0
DA:53,0
DA:56,0
DA:57,0
DA:58,0
DA:59,0
DA:64,0
DA:65,0
DA:67,0
DA:70,0
DA:71,0
DA:72,0
DA:73,0
DA:74,0
DA:80,0
DA:81,0
DA:83,0
DA:86,0
DA:87,0
DA:99,0
DA:100,0
DA:102,0
DA:105,0
DA:106,0
DA:119,0
DA:120,0
DA:122,0
DA:125,0
DA:126,0
DA:138,0
DA:139,0
DA:141,0
DA:144,0
DA:145,0
DA:158,0
DA:159,0
DA:162,0
DA:163,0
DA:166,0
DA:167,0
DA:168,0
DA:169,0
DA:170,0
DA:172,0
DA:174,0
DA:175,0
DA:176,0
DA:179,0
DA:180,0
DA:181,0
DA:184,0
DA:185,0
DA:187,0
DA:188,0
DA:189,0
DA:190,0
DA:191,0
DA:192,0
DA:195,0
DA:196,0
DA:199,0
DA:200,0
DA:202,0
DA:203,0
DA:204,0
DA:205,0
DA:206,0
DA:207,0
DA:210,0
DA:211,0
DA:215,0
DA:216,0
DA:217,0
DA:218,0
DA:219,0
DA:221,0
DA:223,0
DA:224,0
DA:225,0
DA:228,0
DA:229,0
DA:230,0
DA:233,0
DA:234,0
DA:236,0
DA:237,0
DA:238,0
DA:239,0
DA:240,0
DA:241,0
DA:244,0
DA:245,0
DA:248,0
DA:249,0
DA:251,0
DA:252,0
DA:253,0
DA:254,0
DA:255,0
DA:256,0
DA:259,0
DA:260,0
DA:264,0
DA:265,0
DA:266,0
DA:267,0
DA:268,0
DA:270,0
DA:272,0
DA:273,0
DA:274,0
DA:277,0
DA:278,0
DA:279,0
DA:282,0
DA:283,0
DA:284,0
DA:287,0
DA:290,0
DA:291,0
DA:292,0
DA:293,0
DA:294,0
DA:296,0
DA:298,0
DA:299,0
DA:300,0
DA:303,0
DA:304,0
DA:305,0
DA:308,0
DA:309,0
DA:310,0
DA:313,0
DA:315,0
LF:161
LH:0
BRDA:18,0,0,0
BRDA:18,0,1,0
BRDA:18,0,2,0
BRDA:18,0,3,0
BRDA:18,0,4,0
BRDA:18,0,5,0
BRDA:18,0,6,0
BRDA:42,1,0,0
BRDA:42,1,1,0
BRDA:47,2,0,0
BRDA:47,2,1,0
BRDA:47,3,0,0
BRDA:47,3,1,0
BRDA:167,4,0,0
BRDA:167,4,1,0
BRDA:168,5,0,0
BRDA:168,5,1,0
BRDA:169,6,0,0
BRDA:169,6,1,0
BRDA:170,7,0,0
BRDA:170,7,1,0
BRDA:174,8,0,0
BRDA:179,9,0,0
BRDA:179,10,0,0
BRDA:179,10,1,0
BRDA:179,10,2,0
BRDA:179,10,3,0
BRDA:179,10,4,0
BRDA:184,11,0,0
BRDA:187,12,0,0
BRDA:187,12,1,0
BRDA:187,13,0,0
BRDA:187,13,1,0
BRDA:189,14,0,0
BRDA:189,14,1,0
BRDA:189,15,0,0
BRDA:189,15,1,0
BRDA:191,16,0,0
BRDA:191,17,0,0
BRDA:191,17,1,0
BRDA:199,18,0,0
BRDA:202,19,0,0
BRDA:202,19,1,0
BRDA:204,20,0,0
BRDA:204,20,1,0
BRDA:206,21,0,0
BRDA:216,22,0,0
BRDA:216,22,1,0
BRDA:217,23,0,0
BRDA:217,23,1,0
BRDA:218,24,0,0
BRDA:218,24,1,0
BRDA:219,25,0,0
BRDA:219,25,1,0
BRDA:223,26,0,0
BRDA:228,27,0,0
BRDA:228,28,0,0
BRDA:228,28,1,0
BRDA:228,28,2,0
BRDA:228,28,3,0
BRDA:228,28,4,0
BRDA:233,29,0,0
BRDA:236,30,0,0
BRDA:236,30,1,0
BRDA:236,31,0,0
BRDA:236,31,1,0
BRDA:238,32,0,0
BRDA:238,32,1,0
BRDA:238,33,0,0
BRDA:238,33,1,0
BRDA:240,34,0,0
BRDA:240,35,0,0
BRDA:240,35,1,0
BRDA:248,36,0,0
BRDA:251,37,0,0
BRDA:251,37,1,0
BRDA:253,38,0,0
BRDA:253,38,1,0
BRDA:255,39,0,0
BRDA:265,40,0,0
BRDA:265,40,1,0
BRDA:266,41,0,0
BRDA:266,41,1,0
BRDA:267,42,0,0
BRDA:267,42,1,0
BRDA:268,43,0,0
BRDA:268,43,1,0
BRDA:272,44,0,0
BRDA:277,45,0,0
BRDA:277,46,0,0
BRDA:277,46,1,0
BRDA:282,47,0,0
BRDA:282,48,0,0
BRDA:282,48,1,0
BRDA:291,49,0,0
BRDA:291,49,1,0
BRDA:292,50,0,0
BRDA:292,50,1,0
BRDA:293,51,0,0
BRDA:293,51,1,0
BRDA:294,52,0,0
BRDA:294,52,1,0
BRDA:298,53,0,0
BRDA:303,54,0,0
BRDA:303,55,0,0
BRDA:303,55,1,0
BRDA:308,56,0,0
BRDA:308,57,0,0
BRDA:308,57,1,0
BRF:109
BRH:0
end_of_record
TN:
SF:src/tools/calculateImageSize.ts
FN:16,calculateImageSize
FNF:1
FNH:0
FNDA:0,calculateImageSize
DA:16,0
DA:17,0
DA:18,0
DA:19,0
DA:20,0
DA:21,0
DA:23,0
DA:24,0
DA:26,0
DA:27,0
DA:35,0
DA:38,0
DA:40,0
DA:42,0
DA:44,0
DA:45,0
DA:49,0
DA:50,0
DA:52,0
DA:53,0
DA:54,0
DA:55,0
DA:57,0
DA:59,0
DA:60,0
DA:61,0
DA:64,0
LF:27
LH:0
BRDA:26,0,0,0
BRDA:26,1,0,0
BRDA:26,1,1,0
BRDA:26,1,2,0
BRDA:26,1,3,0
BRDA:40,2,0,0
BRDA:42,3,0,0
BRDA:42,4,0,0
BRDA:42,4,1,0
BRDA:44,5,0,0
BRDA:52,6,0,0
BRDA:52,7,0,0
BRDA:52,7,1,0
BRDA:52,7,2,0
BRDA:53,8,0,0
BRDA:53,8,1,0
BRDA:53,9,0,0
BRDA:53,9,1,0
BRDA:55,10,0,0
BRF:19
BRH:0
end_of_record
TN:
SF:src/tools/downloadURI.ts
FN:1,downloadURI
FNF:1
FNH:0
FNDA:0,downloadURI
DA:1,0
DA:2,0
DA:3,0
DA:4,0
DA:5,0
DA:6,0
DA:7,0
LF:7
LH:0
BRF:0
BRH:0
end_of_record
TN:
SF:src/tools/getMode.ts
FN:4,getMode
FNF:1
FNH:0
FNDA:0,getMode
DA:1,0
DA:4,0
DA:5,0
DA:7,0
DA:9,0
DA:11,0
LF:6
LH:0
BRDA:5,0,0,0
BRDA:5,0,1,0
BRDA:5,0,2,0
BRF:3
BRH:0
end_of_record
TN:
SF:src/tools/merge.ts
FN:3,(anonymous_3)
FN:5,mergeDeep
FN:10,(anonymous_5)
FNF:3
FNH:0
FNDA:0,(anonymous_3)
FNDA:0,mergeDeep
FNDA:0,(anonymous_5)
DA:3,0
DA:5,0
DA:6,0
DA:7,0
DA:8,0
DA:9,0
DA:10,0
DA:11,0
DA:12,0
DA:14,0
DA:15,0
DA:16,0
DA:17,0
DA:19,0
DA:23,0
LF:15
LH:0
BRDA:3,0,0,0
BRDA:3,0,1,0
BRDA:3,0,2,0
BRDA:6,1,0,0
BRDA:8,2,0,0
BRDA:8,3,0,0
BRDA:8,3,1,0
BRDA:8,3,2,0
BRDA:14,4,0,0
BRDA:14,4,1,0
BRDA:14,5,0,0
BRDA:14,5,1,0
BRDA:16,6,0,0
BRDA:16,6,1,0
BRDA:16,7,0,0
BRDA:16,7,1,0
BRF:16
BRH:0
end_of_record
TN:
SF:src/tools/sanitizeOptions.ts
FN:4,sanitizeGradient
FN:17,(anonymous_3)
FN:25,sanitizeOptions
FNF:3
FNH:0
FNDA:0,sanitizeGradient
FNDA:0,(anonymous_3)
FNDA:0,sanitizeOptions
DA:5,0
DA:7,0
DA:8,0
DA:11,0
DA:12,0
DA:14,0
DA:17,0
DA:22,0
DA:25,0
DA:26,0
DA:28,0
DA:29,0
DA:30,0
DA:31,0
DA:38,0
DA:39,0
DA:42,0
DA:45,0
DA:46,0
DA:49,0
DA:50,0
DA:53,0
DA:54,0
DA:58,0
DA:59,0
DA:62,0
DA:63,0
DA:67,0
DA:68,0
DA:71,0
DA:72,0
DA:76,0
LF:32
LH:0
BRDA:7,0,0,0
BRDA:7,1,0,0
BRDA:7,1,1,0
BRDA:11,2,0,0
BRDA:11,2,1,0
BRDA:38,3,0,0
BRDA:45,4,0,0
BRDA:49,5,0,0
BRDA:53,6,0,0
BRDA:58,7,0,0
BRDA:62,8,0,0
BRDA:67,9,0,0
BRDA:71,10,0,0
BRF:13
BRH:0
end_of_record
